<?xml version="1.0" encoding="UTF-8"?>
<testsuite xmlns:xsi="http://www.w3.org/2001/XMLSchema-instance" xsi:noNamespaceSchemaLocation="https://maven.apache.org/surefire/maven-surefire-plugin/xsd/surefire-test-report-3.0.xsd" version="3.0" name="TestSuite" time="36.971" tests="5" errors="0" skipped="2" failures="3">
  <properties>
    <property name="sun.desktop" value="windows"/>
    <property name="awt.toolkit" value="sun.awt.windows.WToolkit"/>
    <property name="file.encoding.pkg" value="sun.io"/>
    <property name="java.specification.version" value="1.8"/>
    <property name="webdriver.chrome.driver" value="D:\career\Career softwares\chrome version 83\chromedriver_win32\chromedriver.exe"/>
    <property name="sun.cpu.isalist" value="amd64"/>
    <property name="sun.jnu.encoding" value="Cp1252"/>
    <property name="java.class.path" value="C:\Users\Nadh\E2EProject\target\test-classes;C:\Users\Nadh\E2EProject\target\classes;C:\Users\Nadh\.m2\repository\log4j\log4j\1.2.17\log4j-1.2.17.jar;C:\Users\Nadh\.m2\repository\commons-io\commons-io\2.6\commons-io-2.6.jar;C:\Users\Nadh\.m2\repository\org\seleniumhq\selenium\selenium-java\3.141.59\selenium-java-3.141.59.jar;C:\Users\Nadh\.m2\repository\org\seleniumhq\selenium\selenium-api\3.141.59\selenium-api-3.141.59.jar;C:\Users\Nadh\.m2\repository\org\seleniumhq\selenium\selenium-chrome-driver\3.141.59\selenium-chrome-driver-3.141.59.jar;C:\Users\Nadh\.m2\repository\org\seleniumhq\selenium\selenium-edge-driver\3.141.59\selenium-edge-driver-3.141.59.jar;C:\Users\Nadh\.m2\repository\org\seleniumhq\selenium\selenium-firefox-driver\3.141.59\selenium-firefox-driver-3.141.59.jar;C:\Users\Nadh\.m2\repository\org\seleniumhq\selenium\selenium-ie-driver\3.141.59\selenium-ie-driver-3.141.59.jar;C:\Users\Nadh\.m2\repository\org\seleniumhq\selenium\selenium-opera-driver\3.141.59\selenium-opera-driver-3.141.59.jar;C:\Users\Nadh\.m2\repository\org\seleniumhq\selenium\selenium-remote-driver\3.141.59\selenium-remote-driver-3.141.59.jar;C:\Users\Nadh\.m2\repository\org\seleniumhq\selenium\selenium-safari-driver\3.141.59\selenium-safari-driver-3.141.59.jar;C:\Users\Nadh\.m2\repository\org\seleniumhq\selenium\selenium-support\3.141.59\selenium-support-3.141.59.jar;C:\Users\Nadh\.m2\repository\net\bytebuddy\byte-buddy\1.8.15\byte-buddy-1.8.15.jar;C:\Users\Nadh\.m2\repository\org\apache\commons\commons-exec\1.3\commons-exec-1.3.jar;C:\Users\Nadh\.m2\repository\com\google\guava\guava\25.0-jre\guava-25.0-jre.jar;C:\Users\Nadh\.m2\repository\com\google\code\findbugs\jsr305\1.3.9\jsr305-1.3.9.jar;C:\Users\Nadh\.m2\repository\org\checkerframework\checker-compat-qual\2.0.0\checker-compat-qual-2.0.0.jar;C:\Users\Nadh\.m2\repository\com\google\errorprone\error_prone_annotations\2.1.3\error_prone_annotations-2.1.3.jar;C:\Users\Nadh\.m2\repository\com\google\j2objc\j2objc-annotations\1.1\j2objc-annotations-1.1.jar;C:\Users\Nadh\.m2\repository\org\codehaus\mojo\animal-sniffer-annotations\1.14\animal-sniffer-annotations-1.14.jar;C:\Users\Nadh\.m2\repository\com\squareup\okhttp3\okhttp\3.11.0\okhttp-3.11.0.jar;C:\Users\Nadh\.m2\repository\com\squareup\okio\okio\1.14.0\okio-1.14.0.jar;C:\Users\Nadh\.m2\repository\org\testng\testng\6.14.3\testng-6.14.3.jar;C:\Users\Nadh\.m2\repository\com\beust\jcommander\1.72\jcommander-1.72.jar;C:\Users\Nadh\.m2\repository\org\apache-extras\beanshell\bsh\2.0b6\bsh-2.0b6.jar;C:\Users\Nadh\.m2\repository\junit\junit\3.8.1\junit-3.8.1.jar;"/>
    <property name="java.vm.vendor" value="Oracle Corporation"/>
    <property name="sun.arch.data.model" value="64"/>
    <property name="user.variant" value=""/>
    <property name="java.vendor.url" value="http://java.oracle.com/"/>
    <property name="user.timezone" value="Asia/Calcutta"/>
    <property name="java.vm.specification.version" value="1.8"/>
    <property name="os.name" value="Windows 10"/>
    <property name="user.country" value="IN"/>
    <property name="sun.java.launcher" value="SUN_STANDARD"/>
    <property name="sun.boot.library.path" value="C:\Program Files\Java\jdk1.8.0_241\jre\bin"/>
    <property name="sun.java.command" value="C:\Users\Nadh\AppData\Local\Temp\surefire8223788024869721306\surefirebooter8704774551982920904.jar C:\Users\Nadh\AppData\Local\Temp\surefire8223788024869721306 2020-06-18T16-29-38_914-jvmRun1 surefire650154063225218914tmp surefire_04514412113744697598tmp"/>
    <property name="surefire.test.class.path" value="C:\Users\Nadh\E2EProject\target\test-classes;C:\Users\Nadh\E2EProject\target\classes;C:\Users\Nadh\.m2\repository\log4j\log4j\1.2.17\log4j-1.2.17.jar;C:\Users\Nadh\.m2\repository\commons-io\commons-io\2.6\commons-io-2.6.jar;C:\Users\Nadh\.m2\repository\org\seleniumhq\selenium\selenium-java\3.141.59\selenium-java-3.141.59.jar;C:\Users\Nadh\.m2\repository\org\seleniumhq\selenium\selenium-api\3.141.59\selenium-api-3.141.59.jar;C:\Users\Nadh\.m2\repository\org\seleniumhq\selenium\selenium-chrome-driver\3.141.59\selenium-chrome-driver-3.141.59.jar;C:\Users\Nadh\.m2\repository\org\seleniumhq\selenium\selenium-edge-driver\3.141.59\selenium-edge-driver-3.141.59.jar;C:\Users\Nadh\.m2\repository\org\seleniumhq\selenium\selenium-firefox-driver\3.141.59\selenium-firefox-driver-3.141.59.jar;C:\Users\Nadh\.m2\repository\org\seleniumhq\selenium\selenium-ie-driver\3.141.59\selenium-ie-driver-3.141.59.jar;C:\Users\Nadh\.m2\repository\org\seleniumhq\selenium\selenium-opera-driver\3.141.59\selenium-opera-driver-3.141.59.jar;C:\Users\Nadh\.m2\repository\org\seleniumhq\selenium\selenium-remote-driver\3.141.59\selenium-remote-driver-3.141.59.jar;C:\Users\Nadh\.m2\repository\org\seleniumhq\selenium\selenium-safari-driver\3.141.59\selenium-safari-driver-3.141.59.jar;C:\Users\Nadh\.m2\repository\org\seleniumhq\selenium\selenium-support\3.141.59\selenium-support-3.141.59.jar;C:\Users\Nadh\.m2\repository\net\bytebuddy\byte-buddy\1.8.15\byte-buddy-1.8.15.jar;C:\Users\Nadh\.m2\repository\org\apache\commons\commons-exec\1.3\commons-exec-1.3.jar;C:\Users\Nadh\.m2\repository\com\google\guava\guava\25.0-jre\guava-25.0-jre.jar;C:\Users\Nadh\.m2\repository\com\google\code\findbugs\jsr305\1.3.9\jsr305-1.3.9.jar;C:\Users\Nadh\.m2\repository\org\checkerframework\checker-compat-qual\2.0.0\checker-compat-qual-2.0.0.jar;C:\Users\Nadh\.m2\repository\com\google\errorprone\error_prone_annotations\2.1.3\error_prone_annotations-2.1.3.jar;C:\Users\Nadh\.m2\repository\com\google\j2objc\j2objc-annotations\1.1\j2objc-annotations-1.1.jar;C:\Users\Nadh\.m2\repository\org\codehaus\mojo\animal-sniffer-annotations\1.14\animal-sniffer-annotations-1.14.jar;C:\Users\Nadh\.m2\repository\com\squareup\okhttp3\okhttp\3.11.0\okhttp-3.11.0.jar;C:\Users\Nadh\.m2\repository\com\squareup\okio\okio\1.14.0\okio-1.14.0.jar;C:\Users\Nadh\.m2\repository\org\testng\testng\6.14.3\testng-6.14.3.jar;C:\Users\Nadh\.m2\repository\com\beust\jcommander\1.72\jcommander-1.72.jar;C:\Users\Nadh\.m2\repository\org\apache-extras\beanshell\bsh\2.0b6\bsh-2.0b6.jar;C:\Users\Nadh\.m2\repository\junit\junit\3.8.1\junit-3.8.1.jar;"/>
    <property name="sun.cpu.endian" value="little"/>
    <property name="user.home" value="C:\Users\Nadh"/>
    <property name="user.language" value="en"/>
    <property name="java.specification.vendor" value="Oracle Corporation"/>
    <property name="java.home" value="C:\Program Files\Java\jdk1.8.0_241\jre"/>
    <property name="basedir" value="C:\Users\Nadh\E2EProject"/>
    <property name="file.separator" value="\"/>
    <property name="line.separator" value="&#10;"/>
    <property name="java.vm.specification.vendor" value="Oracle Corporation"/>
    <property name="java.specification.name" value="Java Platform API Specification"/>
    <property name="java.awt.graphicsenv" value="sun.awt.Win32GraphicsEnvironment"/>
    <property name="surefire.real.class.path" value="C:\Users\Nadh\AppData\Local\Temp\surefire8223788024869721306\surefirebooter8704774551982920904.jar"/>
    <property name="sun.boot.class.path" value="C:\Program Files\Java\jdk1.8.0_241\jre\lib\resources.jar;C:\Program Files\Java\jdk1.8.0_241\jre\lib\rt.jar;C:\Program Files\Java\jdk1.8.0_241\jre\lib\sunrsasign.jar;C:\Program Files\Java\jdk1.8.0_241\jre\lib\jsse.jar;C:\Program Files\Java\jdk1.8.0_241\jre\lib\jce.jar;C:\Program Files\Java\jdk1.8.0_241\jre\lib\charsets.jar;C:\Program Files\Java\jdk1.8.0_241\jre\lib\jfr.jar;C:\Program Files\Java\jdk1.8.0_241\jre\classes"/>
    <property name="user.script" value=""/>
    <property name="sun.management.compiler" value="HotSpot 64-Bit Tiered Compilers"/>
    <property name="java.runtime.version" value="1.8.0_241-b07"/>
    <property name="user.name" value="Nadh"/>
    <property name="path.separator" value=";"/>
    <property name="os.version" value="10.0"/>
    <property name="java.endorsed.dirs" value="C:\Program Files\Java\jdk1.8.0_241\jre\lib\endorsed"/>
    <property name="java.runtime.name" value="Java(TM) SE Runtime Environment"/>
    <property name="file.encoding" value="Cp1252"/>
    <property name="java.vm.name" value="Java HotSpot(TM) 64-Bit Server VM"/>
    <property name="localRepository" value="C:\Users\Nadh\.m2\repository"/>
    <property name="java.vendor.url.bug" value="http://bugreport.sun.com/bugreport/"/>
    <property name="java.io.tmpdir" value="C:\Users\Nadh\AppData\Local\Temp\"/>
    <property name="java.version" value="1.8.0_241"/>
    <property name="user.dir" value="C:\Users\Nadh\E2EProject"/>
    <property name="os.arch" value="amd64"/>
    <property name="java.vm.specification.name" value="Java Virtual Machine Specification"/>
    <property name="java.awt.printerjob" value="sun.awt.windows.WPrinterJob"/>
    <property name="sun.os.patch.level" value=""/>
    <property name="java.library.path" value="C:\Program Files\Java\jdk1.8.0_241\jre\bin;C:\WINDOWS\Sun\Java\bin;C:\WINDOWS\system32;C:\WINDOWS;C:\Program Files (x86)\Common Files\Oracle\Java\javapath;C:\Program Files (x86)\Common Files\Intel\Shared Libraries\redist\intel64\compiler;C:\WINDOWS\system32;C:\WINDOWS;C:\WINDOWS\System32\Wbem;C:\WINDOWS\System32\WindowsPowerShell\v1.0\;C:\Program Files (x86)\QT Lite\QTSystem;C:\WINDOWS\System32\OpenSSH\;C:\Program Files\Java\jdk1.8.0_241\bin;D:\career\Career softwares\apache-maven-3.6.3-bin\apache-maven-3.6.3\bin;C:\Users\Nadh\AppData\Local\Microsoft\WindowsApps;;."/>
    <property name="java.vm.info" value="mixed mode"/>
    <property name="java.vendor" value="Oracle Corporation"/>
    <property name="java.vm.version" value="25.241-b07"/>
    <property name="java.ext.dirs" value="C:\Program Files\Java\jdk1.8.0_241\jre\lib\ext;C:\WINDOWS\Sun\Java\lib\ext"/>
    <property name="sun.io.unicode.encoding" value="UnicodeLittle"/>
    <property name="java.class.version" value="52.0"/>
  </properties>
  <testcase name="basepagenavigation" classname="Academy.FailureTest" time="11.191">
    <failure message="no such element: Unable to locate element: {&quot;method&quot;:&quot;xpath&quot;,&quot;selector&quot;:&quot;dummypath&quot;}&#10;  (Session info: chrome=83.0.4103.97)&#10;For documentation on this error, please visit: https://www.seleniumhq.org/exceptions/no_such_element.html&#10;Build info: version: &apos;3.141.59&apos;, revision: &apos;e82be7d358&apos;, time: &apos;2018-11-14T08:17:03&apos;&#10;System info: host: &apos;DESKTOP-97D7SMM&apos;, ip: &apos;192.168.0.67&apos;, os.name: &apos;Windows 10&apos;, os.arch: &apos;amd64&apos;, os.version: &apos;10.0&apos;, java.version: &apos;1.8.0_241&apos;&#10;Driver info: org.openqa.selenium.chrome.ChromeDriver&#10;Capabilities {acceptInsecureCerts: false, browserName: chrome, browserVersion: 83.0.4103.97, chrome: {chromedriverVersion: 83.0.4103.39 (ccbf011cb2d2b..., userDataDir: C:\Users\Nadh\AppData\Local...}, goog:chromeOptions: {debuggerAddress: localhost:56145}, javascriptEnabled: true, networkConnectionEnabled: false, pageLoadStrategy: normal, platform: WINDOWS, platformName: WINDOWS, proxy: Proxy(), setWindowRect: true, strictFileInteractability: false, timeouts: {implicit: 0, pageLoad: 300000, script: 30000}, unhandledPromptBehavior: dismiss and notify, webauthn:virtualAuthenticators: true}&#10;Session ID: b2291d6af73b266839c1adcf5060b75e&#10;*** Element info: {Using=xpath, value=dummypath}" type="org.openqa.selenium.NoSuchElementException"><![CDATA[org.openqa.selenium.NoSuchElementException: 
no such element: Unable to locate element: {"method":"xpath","selector":"dummypath"}
  (Session info: chrome=83.0.4103.97)
For documentation on this error, please visit: https://www.seleniumhq.org/exceptions/no_such_element.html
Build info: version: '3.141.59', revision: 'e82be7d358', time: '2018-11-14T08:17:03'
System info: host: 'DESKTOP-97D7SMM', ip: '192.168.0.67', os.name: 'Windows 10', os.arch: 'amd64', os.version: '10.0', java.version: '1.8.0_241'
Driver info: org.openqa.selenium.chrome.ChromeDriver
Capabilities {acceptInsecureCerts: false, browserName: chrome, browserVersion: 83.0.4103.97, chrome: {chromedriverVersion: 83.0.4103.39 (ccbf011cb2d2b..., userDataDir: C:\Users\Nadh\AppData\Local...}, goog:chromeOptions: {debuggerAddress: localhost:56145}, javascriptEnabled: true, networkConnectionEnabled: false, pageLoadStrategy: normal, platform: WINDOWS, platformName: WINDOWS, proxy: Proxy(), setWindowRect: true, strictFileInteractability: false, timeouts: {implicit: 0, pageLoad: 300000, script: 30000}, unhandledPromptBehavior: dismiss and notify, webauthn:virtualAuthenticators: true}
Session ID: b2291d6af73b266839c1adcf5060b75e
*** Element info: {Using=xpath, value=dummypath}
	at Academy.FailureTest.basepagenavigation(FailureTest.java:35)
]]></failure>
    <system-out><![CDATA[chrome
Failure test initiated
website Opened
i took a screenshot and saved in D drive
 And the Screenshot number is 1
]]></system-out>
    <system-err><![CDATA[Starting ChromeDriver 83.0.4103.39 (ccbf011cb2d2b19b506d844400483861342c20cd-refs/branch-heads/4103@{#416}) on port 46001
Only local connections are allowed.
Please see https://chromedriver.chromium.org/security-considerations for suggestions on keeping ChromeDriver safe.
ChromeDriver was started successfully.
Jun 18, 2020 4:29:44 PM org.openqa.selenium.remote.ProtocolHandshake createSession
INFO: Detected dialect: W3C
]]></system-err>
  </testcase>
  <testcase name="dummy" classname="Academy.FailureTest2" time="5.045">
    <failure message="no such element: Unable to locate element: {&quot;method&quot;:&quot;xpath&quot;,&quot;selector&quot;:&quot;dummy&quot;}&#10;  (Session info: chrome=83.0.4103.97)&#10;For documentation on this error, please visit: https://www.seleniumhq.org/exceptions/no_such_element.html&#10;Build info: version: &apos;3.141.59&apos;, revision: &apos;e82be7d358&apos;, time: &apos;2018-11-14T08:17:03&apos;&#10;System info: host: &apos;DESKTOP-97D7SMM&apos;, ip: &apos;192.168.0.67&apos;, os.name: &apos;Windows 10&apos;, os.arch: &apos;amd64&apos;, os.version: &apos;10.0&apos;, java.version: &apos;1.8.0_241&apos;&#10;Driver info: org.openqa.selenium.chrome.ChromeDriver&#10;Capabilities {acceptInsecureCerts: false, browserName: chrome, browserVersion: 83.0.4103.97, chrome: {chromedriverVersion: 83.0.4103.39 (ccbf011cb2d2b..., userDataDir: C:\Users\Nadh\AppData\Local...}, goog:chromeOptions: {debuggerAddress: localhost:56244}, javascriptEnabled: true, networkConnectionEnabled: false, pageLoadStrategy: normal, platform: WINDOWS, platformName: WINDOWS, proxy: Proxy(), setWindowRect: true, strictFileInteractability: false, timeouts: {implicit: 0, pageLoad: 300000, script: 30000}, unhandledPromptBehavior: dismiss and notify, webauthn:virtualAuthenticators: true}&#10;Session ID: 93e74f5ab7078f00ebeb76b3b3ddcb06&#10;*** Element info: {Using=xpath, value=dummy}" type="org.openqa.selenium.NoSuchElementException"><![CDATA[org.openqa.selenium.NoSuchElementException: 
no such element: Unable to locate element: {"method":"xpath","selector":"dummy"}
  (Session info: chrome=83.0.4103.97)
For documentation on this error, please visit: https://www.seleniumhq.org/exceptions/no_such_element.html
Build info: version: '3.141.59', revision: 'e82be7d358', time: '2018-11-14T08:17:03'
System info: host: 'DESKTOP-97D7SMM', ip: '192.168.0.67', os.name: 'Windows 10', os.arch: 'amd64', os.version: '10.0', java.version: '1.8.0_241'
Driver info: org.openqa.selenium.chrome.ChromeDriver
Capabilities {acceptInsecureCerts: false, browserName: chrome, browserVersion: 83.0.4103.97, chrome: {chromedriverVersion: 83.0.4103.39 (ccbf011cb2d2b..., userDataDir: C:\Users\Nadh\AppData\Local...}, goog:chromeOptions: {debuggerAddress: localhost:56244}, javascriptEnabled: true, networkConnectionEnabled: false, pageLoadStrategy: normal, platform: WINDOWS, platformName: WINDOWS, proxy: Proxy(), setWindowRect: true, strictFileInteractability: false, timeouts: {implicit: 0, pageLoad: 300000, script: 30000}, unhandledPromptBehavior: dismiss and notify, webauthn:virtualAuthenticators: true}
Session ID: 93e74f5ab7078f00ebeb76b3b3ddcb06
*** Element info: {Using=xpath, value=dummy}
	at Academy.FailureTest2.dummy(FailureTest2.java:31)
]]></failure>
    <system-out><![CDATA[chrome
Failure test2 is  initiated
i took a screenshot and saved in D drive
 And the Screenshot number is 1
]]></system-out>
    <system-err><![CDATA[Starting ChromeDriver 83.0.4103.39 (ccbf011cb2d2b19b506d844400483861342c20cd-refs/branch-heads/4103@{#416}) on port 21596
Only local connections are allowed.
Please see https://chromedriver.chromium.org/security-considerations for suggestions on keeping ChromeDriver safe.
ChromeDriver was started successfully.
Jun 18, 2020 4:30:07 PM org.openqa.selenium.remote.ProtocolHandshake createSession
INFO: Detected dialect: W3C
Starting ChromeDriver 83.0.4103.39 (ccbf011cb2d2b19b506d844400483861342c20cd-refs/branch-heads/4103@{#416}) on port 42371
Only local connections are allowed.
Please see https://chromedriver.chromium.org/security-considerations for suggestions on keeping ChromeDriver safe.
ChromeDriver was started successfully.
Jun 18, 2020 4:30:14 PM org.openqa.selenium.remote.ProtocolHandshake createSession
INFO: Detected dialect: W3C
]]></system-err>
  </testcase>
  <testcase name="initilizedriver" classname="Academy.homePage" time="5.067">
    <failure type="java.lang.StackOverflowError"><![CDATA[java.lang.StackOverflowError
	at Academy.homePage.initilizedriver(homePage.java:22)
	at Academy.homePage.initilizedriver(homePage.java:22)
	at Academy.homePage.initilizedriver(homePage.java:22)
	at Academy.homePage.initilizedriver(homePage.java:22)
	at Academy.homePage.initilizedriver(homePage.java:22)
	at Academy.homePage.initilizedriver(homePage.java:22)
	at Academy.homePage.initilizedriver(homePage.java:22)
	at Academy.homePage.initilizedriver(homePage.java:22)
	at Academy.homePage.initilizedriver(homePage.java:22)
	at Academy.homePage.initilizedriver(homePage.java:22)
	at Academy.homePage.initilizedriver(homePage.java:22)
	at Academy.homePage.initilizedriver(homePage.java:22)
	at Academy.homePage.initilizedriver(homePage.java:22)
	at Academy.homePage.initilizedriver(homePage.java:22)
	at Academy.homePage.initilizedriver(homePage.java:22)
	at Academy.homePage.initilizedriver(homePage.java:22)
	at Academy.homePage.initilizedriver(homePage.java:22)
	at Academy.homePage.initilizedriver(homePage.java:22)
	at Academy.homePage.initilizedriver(homePage.java:22)
	at Academy.homePage.initilizedriver(homePage.java:22)
	at Academy.homePage.initilizedriver(homePage.java:22)
	at Academy.homePage.initilizedriver(homePage.java:22)
	at Academy.homePage.initilizedriver(homePage.java:22)
	at Academy.homePage.initilizedriver(homePage.java:22)
	at Academy.homePage.initilizedriver(homePage.java:22)
	at Academy.homePage.initilizedriver(homePage.java:22)
	at Academy.homePage.initilizedriver(homePage.java:22)
	at Academy.homePage.initilizedriver(homePage.java:22)
	at Academy.homePage.initilizedriver(homePage.java:22)
	at Academy.homePage.initilizedriver(homePage.java:22)
	at Academy.homePage.initilizedriver(homePage.java:22)
	at Academy.homePage.initilizedriver(homePage.java:22)
	at Academy.homePage.initilizedriver(homePage.java:22)
	at Academy.homePage.initilizedriver(homePage.java:22)
	at Academy.homePage.initilizedriver(homePage.java:22)
	at Academy.homePage.initilizedriver(homePage.java:22)
	at Academy.homePage.initilizedriver(homePage.java:22)
	at Academy.homePage.initilizedriver(homePage.java:22)
	at Academy.homePage.initilizedriver(homePage.java:22)
	at Academy.homePage.initilizedriver(homePage.java:22)
	at Academy.homePage.initilizedriver(homePage.java:22)
	at Academy.homePage.initilizedriver(homePage.java:22)
	at Academy.homePage.initilizedriver(homePage.java:22)
	at Academy.homePage.initilizedriver(homePage.java:22)
	at Academy.homePage.initilizedriver(homePage.java:22)
	at Academy.homePage.initilizedriver(homePage.java:22)
	at Academy.homePage.initilizedriver(homePage.java:22)
	at Academy.homePage.initilizedriver(homePage.java:22)
	at Academy.homePage.initilizedriver(homePage.java:22)
	at Academy.homePage.initilizedriver(homePage.java:22)
	at Academy.homePage.initilizedriver(homePage.java:22)
	at Academy.homePage.initilizedriver(homePage.java:22)
	at Academy.homePage.initilizedriver(homePage.java:22)
	at Academy.homePage.initilizedriver(homePage.java:22)
	at Academy.homePage.initilizedriver(homePage.java:22)
	at Academy.homePage.initilizedriver(homePage.java:22)
	at Academy.homePage.initilizedriver(homePage.java:22)
	at Academy.homePage.initilizedriver(homePage.java:22)
	at Academy.homePage.initilizedriver(homePage.java:22)
	at Academy.homePage.initilizedriver(homePage.java:22)
	at Academy.homePage.initilizedriver(homePage.java:22)
	at Academy.homePage.initilizedriver(homePage.java:22)
	at Academy.homePage.initilizedriver(homePage.java:22)
	at Academy.homePage.initilizedriver(homePage.java:22)
	at Academy.homePage.initilizedriver(homePage.java:22)
	at Academy.homePage.initilizedriver(homePage.java:22)
	at Academy.homePage.initilizedriver(homePage.java:22)
	at Academy.homePage.initilizedriver(homePage.java:22)
	at Academy.homePage.initilizedriver(homePage.java:22)
	at Academy.homePage.initilizedriver(homePage.java:22)
	at Academy.homePage.initilizedriver(homePage.java:22)
	at Academy.homePage.initilizedriver(homePage.java:22)
	at Academy.homePage.initilizedriver(homePage.java:22)
	at Academy.homePage.initilizedriver(homePage.java:22)
	at Academy.homePage.initilizedriver(homePage.java:22)
	at Academy.homePage.initilizedriver(homePage.java:22)
	at Academy.homePage.initilizedriver(homePage.java:22)
	at Academy.homePage.initilizedriver(homePage.java:22)
	at Academy.homePage.initilizedriver(homePage.java:22)
	at Academy.homePage.initilizedriver(homePage.java:22)
	at Academy.homePage.initilizedriver(homePage.java:22)
	at Academy.homePage.initilizedriver(homePage.java:22)
	at Academy.homePage.initilizedriver(homePage.java:22)
	at Academy.homePage.initilizedriver(homePage.java:22)
	at Academy.homePage.initilizedriver(homePage.java:22)
	at Academy.homePage.initilizedriver(homePage.java:22)
	at Academy.homePage.initilizedriver(homePage.java:22)
	at Academy.homePage.initilizedriver(homePage.java:22)
	at Academy.homePage.initilizedriver(homePage.java:22)
	at Academy.homePage.initilizedriver(homePage.java:22)
	at Academy.homePage.initilizedriver(homePage.java:22)
	at Academy.homePage.initilizedriver(homePage.java:22)
	at Academy.homePage.initilizedriver(homePage.java:22)
	at Academy.homePage.initilizedriver(homePage.java:22)
	at Academy.homePage.initilizedriver(homePage.java:22)
	at Academy.homePage.initilizedriver(homePage.java:22)
	at Academy.homePage.initilizedriver(homePage.java:22)
	at Academy.homePage.initilizedriver(homePage.java:22)
	at Academy.homePage.initilizedriver(homePage.java:22)
	at Academy.homePage.initilizedriver(homePage.java:22)
	at Academy.homePage.initilizedriver(homePage.java:22)
	at Academy.homePage.initilizedriver(homePage.java:22)
	at Academy.homePage.initilizedriver(homePage.java:22)
	at Academy.homePage.initilizedriver(homePage.java:22)
	at Academy.homePage.initilizedriver(homePage.java:22)
	at Academy.homePage.initilizedriver(homePage.java:22)
	at Academy.homePage.initilizedriver(homePage.java:22)
	at Academy.homePage.initilizedriver(homePage.java:22)
	at Academy.homePage.initilizedriver(homePage.java:22)
	at Academy.homePage.initilizedriver(homePage.java:22)
	at Academy.homePage.initilizedriver(homePage.java:22)
	at Academy.homePage.initilizedriver(homePage.java:22)
	at Academy.homePage.initilizedriver(homePage.java:22)
	at Academy.homePage.initilizedriver(homePage.java:22)
	at Academy.homePage.initilizedriver(homePage.java:22)
	at Academy.homePage.initilizedriver(homePage.java:22)
	at Academy.homePage.initilizedriver(homePage.java:22)
	at Academy.homePage.initilizedriver(homePage.java:22)
	at Academy.homePage.initilizedriver(homePage.java:22)
	at Academy.homePage.initilizedriver(homePage.java:22)
	at Academy.homePage.initilizedriver(homePage.java:22)
	at Academy.homePage.initilizedriver(homePage.java:22)
	at Academy.homePage.initilizedriver(homePage.java:22)
	at Academy.homePage.initilizedriver(homePage.java:22)
	at Academy.homePage.initilizedriver(homePage.java:22)
	at Academy.homePage.initilizedriver(homePage.java:22)
	at Academy.homePage.initilizedriver(homePage.java:22)
	at Academy.homePage.initilizedriver(homePage.java:22)
	at Academy.homePage.initilizedriver(homePage.java:22)
	at Academy.homePage.initilizedriver(homePage.java:22)
	at Academy.homePage.initilizedriver(homePage.java:22)
	at Academy.homePage.initilizedriver(homePage.java:22)
	at Academy.homePage.initilizedriver(homePage.java:22)
	at Academy.homePage.initilizedriver(homePage.java:22)
	at Academy.homePage.initilizedriver(homePage.java:22)
	at Academy.homePage.initilizedriver(homePage.java:22)
	at Academy.homePage.initilizedriver(homePage.java:22)
	at Academy.homePage.initilizedriver(homePage.java:22)
	at Academy.homePage.initilizedriver(homePage.java:22)
	at Academy.homePage.initilizedriver(homePage.java:22)
	at Academy.homePage.initilizedriver(homePage.java:22)
	at Academy.homePage.initilizedriver(homePage.java:22)
	at Academy.homePage.initilizedriver(homePage.java:22)
	at Academy.homePage.initilizedriver(homePage.java:22)
	at Academy.homePage.initilizedriver(homePage.java:22)
	at Academy.homePage.initilizedriver(homePage.java:22)
	at Academy.homePage.initilizedriver(homePage.java:22)
	at Academy.homePage.initilizedriver(homePage.java:22)
	at Academy.homePage.initilizedriver(homePage.java:22)
	at Academy.homePage.initilizedriver(homePage.java:22)
	at Academy.homePage.initilizedriver(homePage.java:22)
	at Academy.homePage.initilizedriver(homePage.java:22)
	at Academy.homePage.initilizedriver(homePage.java:22)
	at Academy.homePage.initilizedriver(homePage.java:22)
	at Academy.homePage.initilizedriver(homePage.java:22)
	at Academy.homePage.initilizedriver(homePage.java:22)
	at Academy.homePage.initilizedriver(homePage.java:22)
	at Academy.homePage.initilizedriver(homePage.java:22)
	at Academy.homePage.initilizedriver(homePage.java:22)
	at Academy.homePage.initilizedriver(homePage.java:22)
	at Academy.homePage.initilizedriver(homePage.java:22)
	at Academy.homePage.initilizedriver(homePage.java:22)
	at Academy.homePage.initilizedriver(homePage.java:22)
	at Academy.homePage.initilizedriver(homePage.java:22)
	at Academy.homePage.initilizedriver(homePage.java:22)
	at Academy.homePage.initilizedriver(homePage.java:22)
	at Academy.homePage.initilizedriver(homePage.java:22)
	at Academy.homePage.initilizedriver(homePage.java:22)
	at Academy.homePage.initilizedriver(homePage.java:22)
	at Academy.homePage.initilizedriver(homePage.java:22)
	at Academy.homePage.initilizedriver(homePage.java:22)
	at Academy.homePage.initilizedriver(homePage.java:22)
	at Academy.homePage.initilizedriver(homePage.java:22)
	at Academy.homePage.initilizedriver(homePage.java:22)
	at Academy.homePage.initilizedriver(homePage.java:22)
	at Academy.homePage.initilizedriver(homePage.java:22)
	at Academy.homePage.initilizedriver(homePage.java:22)
	at Academy.homePage.initilizedriver(homePage.java:22)
	at Academy.homePage.initilizedriver(homePage.java:22)
	at Academy.homePage.initilizedriver(homePage.java:22)
	at Academy.homePage.initilizedriver(homePage.java:22)
	at Academy.homePage.initilizedriver(homePage.java:22)
	at Academy.homePage.initilizedriver(homePage.java:22)
	at Academy.homePage.initilizedriver(homePage.java:22)
	at Academy.homePage.initilizedriver(homePage.java:22)
	at Academy.homePage.initilizedriver(homePage.java:22)
	at Academy.homePage.initilizedriver(homePage.java:22)
	at Academy.homePage.initilizedriver(homePage.java:22)
	at Academy.homePage.initilizedriver(homePage.java:22)
	at Academy.homePage.initilizedriver(homePage.java:22)
	at Academy.homePage.initilizedriver(homePage.java:22)
	at Academy.homePage.initilizedriver(homePage.java:22)
	at Academy.homePage.initilizedriver(homePage.java:22)
	at Academy.homePage.initilizedriver(homePage.java:22)
	at Academy.homePage.initilizedriver(homePage.java:22)
	at Academy.homePage.initilizedriver(homePage.java:22)
	at Academy.homePage.initilizedriver(homePage.java:22)
	at Academy.homePage.initilizedriver(homePage.java:22)
	at Academy.homePage.initilizedriver(homePage.java:22)
	at Academy.homePage.initilizedriver(homePage.java:22)
	at Academy.homePage.initilizedriver(homePage.java:22)
	at Academy.homePage.initilizedriver(homePage.java:22)
	at Academy.homePage.initilizedriver(homePage.java:22)
	at Academy.homePage.initilizedriver(homePage.java:22)
	at Academy.homePage.initilizedriver(homePage.java:22)
	at Academy.homePage.initilizedriver(homePage.java:22)
	at Academy.homePage.initilizedriver(homePage.java:22)
	at Academy.homePage.initilizedriver(homePage.java:22)
	at Academy.homePage.initilizedriver(homePage.java:22)
	at Academy.homePage.initilizedriver(homePage.java:22)
	at Academy.homePage.initilizedriver(homePage.java:22)
	at Academy.homePage.initilizedriver(homePage.java:22)
	at Academy.homePage.initilizedriver(homePage.java:22)
	at Academy.homePage.initilizedriver(homePage.java:22)
	at Academy.homePage.initilizedriver(homePage.java:22)
	at Academy.homePage.initilizedriver(homePage.java:22)
	at Academy.homePage.initilizedriver(homePage.java:22)
	at Academy.homePage.initilizedriver(homePage.java:22)
	at Academy.homePage.initilizedriver(homePage.java:22)
	at Academy.homePage.initilizedriver(homePage.java:22)
	at Academy.homePage.initilizedriver(homePage.java:22)
	at Academy.homePage.initilizedriver(homePage.java:22)
	at Academy.homePage.initilizedriver(homePage.java:22)
	at Academy.homePage.initilizedriver(homePage.java:22)
	at Academy.homePage.initilizedriver(homePage.java:22)
	at Academy.homePage.initilizedriver(homePage.java:22)
	at Academy.homePage.initilizedriver(homePage.java:22)
	at Academy.homePage.initilizedriver(homePage.java:22)
	at Academy.homePage.initilizedriver(homePage.java:22)
	at Academy.homePage.initilizedriver(homePage.java:22)
	at Academy.homePage.initilizedriver(homePage.java:22)
	at Academy.homePage.initilizedriver(homePage.java:22)
	at Academy.homePage.initilizedriver(homePage.java:22)
	at Academy.homePage.initilizedriver(homePage.java:22)
	at Academy.homePage.initilizedriver(homePage.java:22)
	at Academy.homePage.initilizedriver(homePage.java:22)
	at Academy.homePage.initilizedriver(homePage.java:22)
	at Academy.homePage.initilizedriver(homePage.java:22)
	at Academy.homePage.initilizedriver(homePage.java:22)
	at Academy.homePage.initilizedriver(homePage.java:22)
	at Academy.homePage.initilizedriver(homePage.java:22)
	at Academy.homePage.initilizedriver(homePage.java:22)
	at Academy.homePage.initilizedriver(homePage.java:22)
	at Academy.homePage.initilizedriver(homePage.java:22)
	at Academy.homePage.initilizedriver(homePage.java:22)
	at Academy.homePage.initilizedriver(homePage.java:22)
	at Academy.homePage.initilizedriver(homePage.java:22)
	at Academy.homePage.initilizedriver(homePage.java:22)
	at Academy.homePage.initilizedriver(homePage.java:22)
	at Academy.homePage.initilizedriver(homePage.java:22)
	at Academy.homePage.initilizedriver(homePage.java:22)
	at Academy.homePage.initilizedriver(homePage.java:22)
	at Academy.homePage.initilizedriver(homePage.java:22)
	at Academy.homePage.initilizedriver(homePage.java:22)
	at Academy.homePage.initilizedriver(homePage.java:22)
	at Academy.homePage.initilizedriver(homePage.java:22)
	at Academy.homePage.initilizedriver(homePage.java:22)
	at Academy.homePage.initilizedriver(homePage.java:22)
	at Academy.homePage.initilizedriver(homePage.java:22)
	at Academy.homePage.initilizedriver(homePage.java:22)
	at Academy.homePage.initilizedriver(homePage.java:22)
	at Academy.homePage.initilizedriver(homePage.java:22)
	at Academy.homePage.initilizedriver(homePage.java:22)
	at Academy.homePage.initilizedriver(homePage.java:22)
	at Academy.homePage.initilizedriver(homePage.java:22)
	at Academy.homePage.initilizedriver(homePage.java:22)
	at Academy.homePage.initilizedriver(homePage.java:22)
	at Academy.homePage.initilizedriver(homePage.java:22)
	at Academy.homePage.initilizedriver(homePage.java:22)
	at Academy.homePage.initilizedriver(homePage.java:22)
	at Academy.homePage.initilizedriver(homePage.java:22)
	at Academy.homePage.initilizedriver(homePage.java:22)
	at Academy.homePage.initilizedriver(homePage.java:22)
	at Academy.homePage.initilizedriver(homePage.java:22)
	at Academy.homePage.initilizedriver(homePage.java:22)
	at Academy.homePage.initilizedriver(homePage.java:22)
	at Academy.homePage.initilizedriver(homePage.java:22)
	at Academy.homePage.initilizedriver(homePage.java:22)
	at Academy.homePage.initilizedriver(homePage.java:22)
	at Academy.homePage.initilizedriver(homePage.java:22)
	at Academy.homePage.initilizedriver(homePage.java:22)
	at Academy.homePage.initilizedriver(homePage.java:22)
	at Academy.homePage.initilizedriver(homePage.java:22)
	at Academy.homePage.initilizedriver(homePage.java:22)
	at Academy.homePage.initilizedriver(homePage.java:22)
	at Academy.homePage.initilizedriver(homePage.java:22)
	at Academy.homePage.initilizedriver(homePage.java:22)
	at Academy.homePage.initilizedriver(homePage.java:22)
	at Academy.homePage.initilizedriver(homePage.java:22)
	at Academy.homePage.initilizedriver(homePage.java:22)
	at Academy.homePage.initilizedriver(homePage.java:22)
	at Academy.homePage.initilizedriver(homePage.java:22)
	at Academy.homePage.initilizedriver(homePage.java:22)
	at Academy.homePage.initilizedriver(homePage.java:22)
	at Academy.homePage.initilizedriver(homePage.java:22)
	at Academy.homePage.initilizedriver(homePage.java:22)
	at Academy.homePage.initilizedriver(homePage.java:22)
	at Academy.homePage.initilizedriver(homePage.java:22)
	at Academy.homePage.initilizedriver(homePage.java:22)
	at Academy.homePage.initilizedriver(homePage.java:22)
	at Academy.homePage.initilizedriver(homePage.java:22)
	at Academy.homePage.initilizedriver(homePage.java:22)
	at Academy.homePage.initilizedriver(homePage.java:22)
	at Academy.homePage.initilizedriver(homePage.java:22)
	at Academy.homePage.initilizedriver(homePage.java:22)
	at Academy.homePage.initilizedriver(homePage.java:22)
	at Academy.homePage.initilizedriver(homePage.java:22)
	at Academy.homePage.initilizedriver(homePage.java:22)
	at Academy.homePage.initilizedriver(homePage.java:22)
	at Academy.homePage.initilizedriver(homePage.java:22)
	at Academy.homePage.initilizedriver(homePage.java:22)
	at Academy.homePage.initilizedriver(homePage.java:22)
	at Academy.homePage.initilizedriver(homePage.java:22)
	at Academy.homePage.initilizedriver(homePage.java:22)
	at Academy.homePage.initilizedriver(homePage.java:22)
	at Academy.homePage.initilizedriver(homePage.java:22)
	at Academy.homePage.initilizedriver(homePage.java:22)
	at Academy.homePage.initilizedriver(homePage.java:22)
	at Academy.homePage.initilizedriver(homePage.java:22)
	at Academy.homePage.initilizedriver(homePage.java:22)
	at Academy.homePage.initilizedriver(homePage.java:22)
	at Academy.homePage.initilizedriver(homePage.java:22)
	at Academy.homePage.initilizedriver(homePage.java:22)
	at Academy.homePage.initilizedriver(homePage.java:22)
	at Academy.homePage.initilizedriver(homePage.java:22)
	at Academy.homePage.initilizedriver(homePage.java:22)
	at Academy.homePage.initilizedriver(homePage.java:22)
	at Academy.homePage.initilizedriver(homePage.java:22)
	at Academy.homePage.initilizedriver(homePage.java:22)
	at Academy.homePage.initilizedriver(homePage.java:22)
	at Academy.homePage.initilizedriver(homePage.java:22)
	at Academy.homePage.initilizedriver(homePage.java:22)
	at Academy.homePage.initilizedriver(homePage.java:22)
	at Academy.homePage.initilizedriver(homePage.java:22)
	at Academy.homePage.initilizedriver(homePage.java:22)
	at Academy.homePage.initilizedriver(homePage.java:22)
	at Academy.homePage.initilizedriver(homePage.java:22)
	at Academy.homePage.initilizedriver(homePage.java:22)
	at Academy.homePage.initilizedriver(homePage.java:22)
	at Academy.homePage.initilizedriver(homePage.java:22)
	at Academy.homePage.initilizedriver(homePage.java:22)
	at Academy.homePage.initilizedriver(homePage.java:22)
	at Academy.homePage.initilizedriver(homePage.java:22)
	at Academy.homePage.initilizedriver(homePage.java:22)
	at Academy.homePage.initilizedriver(homePage.java:22)
	at Academy.homePage.initilizedriver(homePage.java:22)
	at Academy.homePage.initilizedriver(homePage.java:22)
	at Academy.homePage.initilizedriver(homePage.java:22)
	at Academy.homePage.initilizedriver(homePage.java:22)
	at Academy.homePage.initilizedriver(homePage.java:22)
	at Academy.homePage.initilizedriver(homePage.java:22)
	at Academy.homePage.initilizedriver(homePage.java:22)
	at Academy.homePage.initilizedriver(homePage.java:22)
	at Academy.homePage.initilizedriver(homePage.java:22)
	at Academy.homePage.initilizedriver(homePage.java:22)
	at Academy.homePage.initilizedriver(homePage.java:22)
	at Academy.homePage.initilizedriver(homePage.java:22)
	at Academy.homePage.initilizedriver(homePage.java:22)
	at Academy.homePage.initilizedriver(homePage.java:22)
	at Academy.homePage.initilizedriver(homePage.java:22)
	at Academy.homePage.initilizedriver(homePage.java:22)
	at Academy.homePage.initilizedriver(homePage.java:22)
	at Academy.homePage.initilizedriver(homePage.java:22)
	at Academy.homePage.initilizedriver(homePage.java:22)
	at Academy.homePage.initilizedriver(homePage.java:22)
	at Academy.homePage.initilizedriver(homePage.java:22)
	at Academy.homePage.initilizedriver(homePage.java:22)
	at Academy.homePage.initilizedriver(homePage.java:22)
	at Academy.homePage.initilizedriver(homePage.java:22)
	at Academy.homePage.initilizedriver(homePage.java:22)
	at Academy.homePage.initilizedriver(homePage.java:22)
	at Academy.homePage.initilizedriver(homePage.java:22)
	at Academy.homePage.initilizedriver(homePage.java:22)
	at Academy.homePage.initilizedriver(homePage.java:22)
	at Academy.homePage.initilizedriver(homePage.java:22)
	at Academy.homePage.initilizedriver(homePage.java:22)
	at Academy.homePage.initilizedriver(homePage.java:22)
	at Academy.homePage.initilizedriver(homePage.java:22)
	at Academy.homePage.initilizedriver(homePage.java:22)
	at Academy.homePage.initilizedriver(homePage.java:22)
	at Academy.homePage.initilizedriver(homePage.java:22)
	at Academy.homePage.initilizedriver(homePage.java:22)
	at Academy.homePage.initilizedriver(homePage.java:22)
	at Academy.homePage.initilizedriver(homePage.java:22)
	at Academy.homePage.initilizedriver(homePage.java:22)
	at Academy.homePage.initilizedriver(homePage.java:22)
	at Academy.homePage.initilizedriver(homePage.java:22)
	at Academy.homePage.initilizedriver(homePage.java:22)
	at Academy.homePage.initilizedriver(homePage.java:22)
	at Academy.homePage.initilizedriver(homePage.java:22)
	at Academy.homePage.initilizedriver(homePage.java:22)
	at Academy.homePage.initilizedriver(homePage.java:22)
	at Academy.homePage.initilizedriver(homePage.java:22)
	at Academy.homePage.initilizedriver(homePage.java:22)
	at Academy.homePage.initilizedriver(homePage.java:22)
	at Academy.homePage.initilizedriver(homePage.java:22)
	at Academy.homePage.initilizedriver(homePage.java:22)
	at Academy.homePage.initilizedriver(homePage.java:22)
	at Academy.homePage.initilizedriver(homePage.java:22)
	at Academy.homePage.initilizedriver(homePage.java:22)
	at Academy.homePage.initilizedriver(homePage.java:22)
	at Academy.homePage.initilizedriver(homePage.java:22)
	at Academy.homePage.initilizedriver(homePage.java:22)
	at Academy.homePage.initilizedriver(homePage.java:22)
	at Academy.homePage.initilizedriver(homePage.java:22)
	at Academy.homePage.initilizedriver(homePage.java:22)
	at Academy.homePage.initilizedriver(homePage.java:22)
	at Academy.homePage.initilizedriver(homePage.java:22)
	at Academy.homePage.initilizedriver(homePage.java:22)
	at Academy.homePage.initilizedriver(homePage.java:22)
	at Academy.homePage.initilizedriver(homePage.java:22)
	at Academy.homePage.initilizedriver(homePage.java:22)
	at Academy.homePage.initilizedriver(homePage.java:22)
	at Academy.homePage.initilizedriver(homePage.java:22)
	at Academy.homePage.initilizedriver(homePage.java:22)
	at Academy.homePage.initilizedriver(homePage.java:22)
	at Academy.homePage.initilizedriver(homePage.java:22)
	at Academy.homePage.initilizedriver(homePage.java:22)
	at Academy.homePage.initilizedriver(homePage.java:22)
	at Academy.homePage.initilizedriver(homePage.java:22)
	at Academy.homePage.initilizedriver(homePage.java:22)
	at Academy.homePage.initilizedriver(homePage.java:22)
	at Academy.homePage.initilizedriver(homePage.java:22)
	at Academy.homePage.initilizedriver(homePage.java:22)
	at Academy.homePage.initilizedriver(homePage.java:22)
	at Academy.homePage.initilizedriver(homePage.java:22)
	at Academy.homePage.initilizedriver(homePage.java:22)
	at Academy.homePage.initilizedriver(homePage.java:22)
	at Academy.homePage.initilizedriver(homePage.java:22)
	at Academy.homePage.initilizedriver(homePage.java:22)
	at Academy.homePage.initilizedriver(homePage.java:22)
	at Academy.homePage.initilizedriver(homePage.java:22)
	at Academy.homePage.initilizedriver(homePage.java:22)
	at Academy.homePage.initilizedriver(homePage.java:22)
	at Academy.homePage.initilizedriver(homePage.java:22)
	at Academy.homePage.initilizedriver(homePage.java:22)
	at Academy.homePage.initilizedriver(homePage.java:22)
	at Academy.homePage.initilizedriver(homePage.java:22)
	at Academy.homePage.initilizedriver(homePage.java:22)
	at Academy.homePage.initilizedriver(homePage.java:22)
	at Academy.homePage.initilizedriver(homePage.java:22)
	at Academy.homePage.initilizedriver(homePage.java:22)
	at Academy.homePage.initilizedriver(homePage.java:22)
	at Academy.homePage.initilizedriver(homePage.java:22)
	at Academy.homePage.initilizedriver(homePage.java:22)
	at Academy.homePage.initilizedriver(homePage.java:22)
	at Academy.homePage.initilizedriver(homePage.java:22)
	at Academy.homePage.initilizedriver(homePage.java:22)
	at Academy.homePage.initilizedriver(homePage.java:22)
	at Academy.homePage.initilizedriver(homePage.java:22)
	at Academy.homePage.initilizedriver(homePage.java:22)
	at Academy.homePage.initilizedriver(homePage.java:22)
	at Academy.homePage.initilizedriver(homePage.java:22)
	at Academy.homePage.initilizedriver(homePage.java:22)
	at Academy.homePage.initilizedriver(homePage.java:22)
	at Academy.homePage.initilizedriver(homePage.java:22)
	at Academy.homePage.initilizedriver(homePage.java:22)
	at Academy.homePage.initilizedriver(homePage.java:22)
	at Academy.homePage.initilizedriver(homePage.java:22)
	at Academy.homePage.initilizedriver(homePage.java:22)
	at Academy.homePage.initilizedriver(homePage.java:22)
	at Academy.homePage.initilizedriver(homePage.java:22)
	at Academy.homePage.initilizedriver(homePage.java:22)
	at Academy.homePage.initilizedriver(homePage.java:22)
	at Academy.homePage.initilizedriver(homePage.java:22)
	at Academy.homePage.initilizedriver(homePage.java:22)
	at Academy.homePage.initilizedriver(homePage.java:22)
	at Academy.homePage.initilizedriver(homePage.java:22)
	at Academy.homePage.initilizedriver(homePage.java:22)
	at Academy.homePage.initilizedriver(homePage.java:22)
	at Academy.homePage.initilizedriver(homePage.java:22)
	at Academy.homePage.initilizedriver(homePage.java:22)
	at Academy.homePage.initilizedriver(homePage.java:22)
	at Academy.homePage.initilizedriver(homePage.java:22)
	at Academy.homePage.initilizedriver(homePage.java:22)
	at Academy.homePage.initilizedriver(homePage.java:22)
	at Academy.homePage.initilizedriver(homePage.java:22)
	at Academy.homePage.initilizedriver(homePage.java:22)
	at Academy.homePage.initilizedriver(homePage.java:22)
	at Academy.homePage.initilizedriver(homePage.java:22)
	at Academy.homePage.initilizedriver(homePage.java:22)
	at Academy.homePage.initilizedriver(homePage.java:22)
	at Academy.homePage.initilizedriver(homePage.java:22)
	at Academy.homePage.initilizedriver(homePage.java:22)
	at Academy.homePage.initilizedriver(homePage.java:22)
	at Academy.homePage.initilizedriver(homePage.java:22)
	at Academy.homePage.initilizedriver(homePage.java:22)
	at Academy.homePage.initilizedriver(homePage.java:22)
	at Academy.homePage.initilizedriver(homePage.java:22)
	at Academy.homePage.initilizedriver(homePage.java:22)
	at Academy.homePage.initilizedriver(homePage.java:22)
	at Academy.homePage.initilizedriver(homePage.java:22)
	at Academy.homePage.initilizedriver(homePage.java:22)
	at Academy.homePage.initilizedriver(homePage.java:22)
	at Academy.homePage.initilizedriver(homePage.java:22)
	at Academy.homePage.initilizedriver(homePage.java:22)
	at Academy.homePage.initilizedriver(homePage.java:22)
	at Academy.homePage.initilizedriver(homePage.java:22)
	at Academy.homePage.initilizedriver(homePage.java:22)
	at Academy.homePage.initilizedriver(homePage.java:22)
	at Academy.homePage.initilizedriver(homePage.java:22)
	at Academy.homePage.initilizedriver(homePage.java:22)
	at Academy.homePage.initilizedriver(homePage.java:22)
	at Academy.homePage.initilizedriver(homePage.java:22)
	at Academy.homePage.initilizedriver(homePage.java:22)
	at Academy.homePage.initilizedriver(homePage.java:22)
	at Academy.homePage.initilizedriver(homePage.java:22)
	at Academy.homePage.initilizedriver(homePage.java:22)
	at Academy.homePage.initilizedriver(homePage.java:22)
	at Academy.homePage.initilizedriver(homePage.java:22)
	at Academy.homePage.initilizedriver(homePage.java:22)
	at Academy.homePage.initilizedriver(homePage.java:22)
	at Academy.homePage.initilizedriver(homePage.java:22)
	at Academy.homePage.initilizedriver(homePage.java:22)
	at Academy.homePage.initilizedriver(homePage.java:22)
	at Academy.homePage.initilizedriver(homePage.java:22)
	at Academy.homePage.initilizedriver(homePage.java:22)
	at Academy.homePage.initilizedriver(homePage.java:22)
	at Academy.homePage.initilizedriver(homePage.java:22)
	at Academy.homePage.initilizedriver(homePage.java:22)
	at Academy.homePage.initilizedriver(homePage.java:22)
	at Academy.homePage.initilizedriver(homePage.java:22)
	at Academy.homePage.initilizedriver(homePage.java:22)
	at Academy.homePage.initilizedriver(homePage.java:22)
	at Academy.homePage.initilizedriver(homePage.java:22)
	at Academy.homePage.initilizedriver(homePage.java:22)
	at Academy.homePage.initilizedriver(homePage.java:22)
	at Academy.homePage.initilizedriver(homePage.java:22)
	at Academy.homePage.initilizedriver(homePage.java:22)
	at Academy.homePage.initilizedriver(homePage.java:22)
	at Academy.homePage.initilizedriver(homePage.java:22)
	at Academy.homePage.initilizedriver(homePage.java:22)
	at Academy.homePage.initilizedriver(homePage.java:22)
	at Academy.homePage.initilizedriver(homePage.java:22)
	at Academy.homePage.initilizedriver(homePage.java:22)
	at Academy.homePage.initilizedriver(homePage.java:22)
	at Academy.homePage.initilizedriver(homePage.java:22)
	at Academy.homePage.initilizedriver(homePage.java:22)
	at Academy.homePage.initilizedriver(homePage.java:22)
	at Academy.homePage.initilizedriver(homePage.java:22)
	at Academy.homePage.initilizedriver(homePage.java:22)
	at Academy.homePage.initilizedriver(homePage.java:22)
	at Academy.homePage.initilizedriver(homePage.java:22)
	at Academy.homePage.initilizedriver(homePage.java:22)
	at Academy.homePage.initilizedriver(homePage.java:22)
	at Academy.homePage.initilizedriver(homePage.java:22)
	at Academy.homePage.initilizedriver(homePage.java:22)
	at Academy.homePage.initilizedriver(homePage.java:22)
	at Academy.homePage.initilizedriver(homePage.java:22)
	at Academy.homePage.initilizedriver(homePage.java:22)
	at Academy.homePage.initilizedriver(homePage.java:22)
	at Academy.homePage.initilizedriver(homePage.java:22)
	at Academy.homePage.initilizedriver(homePage.java:22)
	at Academy.homePage.initilizedriver(homePage.java:22)
	at Academy.homePage.initilizedriver(homePage.java:22)
	at Academy.homePage.initilizedriver(homePage.java:22)
	at Academy.homePage.initilizedriver(homePage.java:22)
	at Academy.homePage.initilizedriver(homePage.java:22)
	at Academy.homePage.initilizedriver(homePage.java:22)
	at Academy.homePage.initilizedriver(homePage.java:22)
	at Academy.homePage.initilizedriver(homePage.java:22)
	at Academy.homePage.initilizedriver(homePage.java:22)
	at Academy.homePage.initilizedriver(homePage.java:22)
	at Academy.homePage.initilizedriver(homePage.java:22)
	at Academy.homePage.initilizedriver(homePage.java:22)
	at Academy.homePage.initilizedriver(homePage.java:22)
	at Academy.homePage.initilizedriver(homePage.java:22)
	at Academy.homePage.initilizedriver(homePage.java:22)
	at Academy.homePage.initilizedriver(homePage.java:22)
	at Academy.homePage.initilizedriver(homePage.java:22)
	at Academy.homePage.initilizedriver(homePage.java:22)
	at Academy.homePage.initilizedriver(homePage.java:22)
	at Academy.homePage.initilizedriver(homePage.java:22)
	at Academy.homePage.initilizedriver(homePage.java:22)
	at Academy.homePage.initilizedriver(homePage.java:22)
	at Academy.homePage.initilizedriver(homePage.java:22)
	at Academy.homePage.initilizedriver(homePage.java:22)
	at Academy.homePage.initilizedriver(homePage.java:22)
	at Academy.homePage.initilizedriver(homePage.java:22)
	at Academy.homePage.initilizedriver(homePage.java:22)
	at Academy.homePage.initilizedriver(homePage.java:22)
	at Academy.homePage.initilizedriver(homePage.java:22)
	at Academy.homePage.initilizedriver(homePage.java:22)
	at Academy.homePage.initilizedriver(homePage.java:22)
	at Academy.homePage.initilizedriver(homePage.java:22)
	at Academy.homePage.initilizedriver(homePage.java:22)
	at Academy.homePage.initilizedriver(homePage.java:22)
	at Academy.homePage.initilizedriver(homePage.java:22)
	at Academy.homePage.initilizedriver(homePage.java:22)
	at Academy.homePage.initilizedriver(homePage.java:22)
	at Academy.homePage.initilizedriver(homePage.java:22)
	at Academy.homePage.initilizedriver(homePage.java:22)
	at Academy.homePage.initilizedriver(homePage.java:22)
	at Academy.homePage.initilizedriver(homePage.java:22)
	at Academy.homePage.initilizedriver(homePage.java:22)
	at Academy.homePage.initilizedriver(homePage.java:22)
	at Academy.homePage.initilizedriver(homePage.java:22)
	at Academy.homePage.initilizedriver(homePage.java:22)
	at Academy.homePage.initilizedriver(homePage.java:22)
	at Academy.homePage.initilizedriver(homePage.java:22)
	at Academy.homePage.initilizedriver(homePage.java:22)
	at Academy.homePage.initilizedriver(homePage.java:22)
	at Academy.homePage.initilizedriver(homePage.java:22)
	at Academy.homePage.initilizedriver(homePage.java:22)
	at Academy.homePage.initilizedriver(homePage.java:22)
	at Academy.homePage.initilizedriver(homePage.java:22)
	at Academy.homePage.initilizedriver(homePage.java:22)
	at Academy.homePage.initilizedriver(homePage.java:22)
	at Academy.homePage.initilizedriver(homePage.java:22)
	at Academy.homePage.initilizedriver(homePage.java:22)
	at Academy.homePage.initilizedriver(homePage.java:22)
	at Academy.homePage.initilizedriver(homePage.java:22)
	at Academy.homePage.initilizedriver(homePage.java:22)
	at Academy.homePage.initilizedriver(homePage.java:22)
	at Academy.homePage.initilizedriver(homePage.java:22)
	at Academy.homePage.initilizedriver(homePage.java:22)
	at Academy.homePage.initilizedriver(homePage.java:22)
	at Academy.homePage.initilizedriver(homePage.java:22)
	at Academy.homePage.initilizedriver(homePage.java:22)
	at Academy.homePage.initilizedriver(homePage.java:22)
	at Academy.homePage.initilizedriver(homePage.java:22)
	at Academy.homePage.initilizedriver(homePage.java:22)
	at Academy.homePage.initilizedriver(homePage.java:22)
	at Academy.homePage.initilizedriver(homePage.java:22)
	at Academy.homePage.initilizedriver(homePage.java:22)
	at Academy.homePage.initilizedriver(homePage.java:22)
	at Academy.homePage.initilizedriver(homePage.java:22)
	at Academy.homePage.initilizedriver(homePage.java:22)
	at Academy.homePage.initilizedriver(homePage.java:22)
	at Academy.homePage.initilizedriver(homePage.java:22)
	at Academy.homePage.initilizedriver(homePage.java:22)
	at Academy.homePage.initilizedriver(homePage.java:22)
	at Academy.homePage.initilizedriver(homePage.java:22)
	at Academy.homePage.initilizedriver(homePage.java:22)
	at Academy.homePage.initilizedriver(homePage.java:22)
	at Academy.homePage.initilizedriver(homePage.java:22)
	at Academy.homePage.initilizedriver(homePage.java:22)
	at Academy.homePage.initilizedriver(homePage.java:22)
	at Academy.homePage.initilizedriver(homePage.java:22)
	at Academy.homePage.initilizedriver(homePage.java:22)
	at Academy.homePage.initilizedriver(homePage.java:22)
	at Academy.homePage.initilizedriver(homePage.java:22)
	at Academy.homePage.initilizedriver(homePage.java:22)
	at Academy.homePage.initilizedriver(homePage.java:22)
	at Academy.homePage.initilizedriver(homePage.java:22)
	at Academy.homePage.initilizedriver(homePage.java:22)
	at Academy.homePage.initilizedriver(homePage.java:22)
	at Academy.homePage.initilizedriver(homePage.java:22)
	at Academy.homePage.initilizedriver(homePage.java:22)
	at Academy.homePage.initilizedriver(homePage.java:22)
	at Academy.homePage.initilizedriver(homePage.java:22)
	at Academy.homePage.initilizedriver(homePage.java:22)
	at Academy.homePage.initilizedriver(homePage.java:22)
	at Academy.homePage.initilizedriver(homePage.java:22)
	at Academy.homePage.initilizedriver(homePage.java:22)
	at Academy.homePage.initilizedriver(homePage.java:22)
	at Academy.homePage.initilizedriver(homePage.java:22)
	at Academy.homePage.initilizedriver(homePage.java:22)
	at Academy.homePage.initilizedriver(homePage.java:22)
	at Academy.homePage.initilizedriver(homePage.java:22)
	at Academy.homePage.initilizedriver(homePage.java:22)
	at Academy.homePage.initilizedriver(homePage.java:22)
	at Academy.homePage.initilizedriver(homePage.java:22)
	at Academy.homePage.initilizedriver(homePage.java:22)
	at Academy.homePage.initilizedriver(homePage.java:22)
	at Academy.homePage.initilizedriver(homePage.java:22)
	at Academy.homePage.initilizedriver(homePage.java:22)
	at Academy.homePage.initilizedriver(homePage.java:22)
	at Academy.homePage.initilizedriver(homePage.java:22)
	at Academy.homePage.initilizedriver(homePage.java:22)
	at Academy.homePage.initilizedriver(homePage.java:22)
	at Academy.homePage.initilizedriver(homePage.java:22)
	at Academy.homePage.initilizedriver(homePage.java:22)
	at Academy.homePage.initilizedriver(homePage.java:22)
	at Academy.homePage.initilizedriver(homePage.java:22)
	at Academy.homePage.initilizedriver(homePage.java:22)
	at Academy.homePage.initilizedriver(homePage.java:22)
	at Academy.homePage.initilizedriver(homePage.java:22)
	at Academy.homePage.initilizedriver(homePage.java:22)
	at Academy.homePage.initilizedriver(homePage.java:22)
	at Academy.homePage.initilizedriver(homePage.java:22)
	at Academy.homePage.initilizedriver(homePage.java:22)
	at Academy.homePage.initilizedriver(homePage.java:22)
	at Academy.homePage.initilizedriver(homePage.java:22)
	at Academy.homePage.initilizedriver(homePage.java:22)
	at Academy.homePage.initilizedriver(homePage.java:22)
	at Academy.homePage.initilizedriver(homePage.java:22)
	at Academy.homePage.initilizedriver(homePage.java:22)
	at Academy.homePage.initilizedriver(homePage.java:22)
	at Academy.homePage.initilizedriver(homePage.java:22)
	at Academy.homePage.initilizedriver(homePage.java:22)
	at Academy.homePage.initilizedriver(homePage.java:22)
	at Academy.homePage.initilizedriver(homePage.java:22)
	at Academy.homePage.initilizedriver(homePage.java:22)
	at Academy.homePage.initilizedriver(homePage.java:22)
	at Academy.homePage.initilizedriver(homePage.java:22)
	at Academy.homePage.initilizedriver(homePage.java:22)
	at Academy.homePage.initilizedriver(homePage.java:22)
	at Academy.homePage.initilizedriver(homePage.java:22)
	at Academy.homePage.initilizedriver(homePage.java:22)
	at Academy.homePage.initilizedriver(homePage.java:22)
	at Academy.homePage.initilizedriver(homePage.java:22)
	at Academy.homePage.initilizedriver(homePage.java:22)
	at Academy.homePage.initilizedriver(homePage.java:22)
	at Academy.homePage.initilizedriver(homePage.java:22)
	at Academy.homePage.initilizedriver(homePage.java:22)
	at Academy.homePage.initilizedriver(homePage.java:22)
	at Academy.homePage.initilizedriver(homePage.java:22)
	at Academy.homePage.initilizedriver(homePage.java:22)
	at Academy.homePage.initilizedriver(homePage.java:22)
	at Academy.homePage.initilizedriver(homePage.java:22)
	at Academy.homePage.initilizedriver(homePage.java:22)
	at Academy.homePage.initilizedriver(homePage.java:22)
	at Academy.homePage.initilizedriver(homePage.java:22)
	at Academy.homePage.initilizedriver(homePage.java:22)
	at Academy.homePage.initilizedriver(homePage.java:22)
	at Academy.homePage.initilizedriver(homePage.java:22)
	at Academy.homePage.initilizedriver(homePage.java:22)
	at Academy.homePage.initilizedriver(homePage.java:22)
	at Academy.homePage.initilizedriver(homePage.java:22)
	at Academy.homePage.initilizedriver(homePage.java:22)
	at Academy.homePage.initilizedriver(homePage.java:22)
	at Academy.homePage.initilizedriver(homePage.java:22)
	at Academy.homePage.initilizedriver(homePage.java:22)
	at Academy.homePage.initilizedriver(homePage.java:22)
	at Academy.homePage.initilizedriver(homePage.java:22)
	at Academy.homePage.initilizedriver(homePage.java:22)
	at Academy.homePage.initilizedriver(homePage.java:22)
	at Academy.homePage.initilizedriver(homePage.java:22)
	at Academy.homePage.initilizedriver(homePage.java:22)
	at Academy.homePage.initilizedriver(homePage.java:22)
	at Academy.homePage.initilizedriver(homePage.java:22)
	at Academy.homePage.initilizedriver(homePage.java:22)
	at Academy.homePage.initilizedriver(homePage.java:22)
	at Academy.homePage.initilizedriver(homePage.java:22)
	at Academy.homePage.initilizedriver(homePage.java:22)
	at Academy.homePage.initilizedriver(homePage.java:22)
	at Academy.homePage.initilizedriver(homePage.java:22)
	at Academy.homePage.initilizedriver(homePage.java:22)
	at Academy.homePage.initilizedriver(homePage.java:22)
	at Academy.homePage.initilizedriver(homePage.java:22)
	at Academy.homePage.initilizedriver(homePage.java:22)
	at Academy.homePage.initilizedriver(homePage.java:22)
	at Academy.homePage.initilizedriver(homePage.java:22)
	at Academy.homePage.initilizedriver(homePage.java:22)
	at Academy.homePage.initilizedriver(homePage.java:22)
	at Academy.homePage.initilizedriver(homePage.java:22)
	at Academy.homePage.initilizedriver(homePage.java:22)
	at Academy.homePage.initilizedriver(homePage.java:22)
	at Academy.homePage.initilizedriver(homePage.java:22)
	at Academy.homePage.initilizedriver(homePage.java:22)
	at Academy.homePage.initilizedriver(homePage.java:22)
	at Academy.homePage.initilizedriver(homePage.java:22)
	at Academy.homePage.initilizedriver(homePage.java:22)
	at Academy.homePage.initilizedriver(homePage.java:22)
	at Academy.homePage.initilizedriver(homePage.java:22)
	at Academy.homePage.initilizedriver(homePage.java:22)
	at Academy.homePage.initilizedriver(homePage.java:22)
	at Academy.homePage.initilizedriver(homePage.java:22)
	at Academy.homePage.initilizedriver(homePage.java:22)
	at Academy.homePage.initilizedriver(homePage.java:22)
	at Academy.homePage.initilizedriver(homePage.java:22)
	at Academy.homePage.initilizedriver(homePage.java:22)
	at Academy.homePage.initilizedriver(homePage.java:22)
	at Academy.homePage.initilizedriver(homePage.java:22)
	at Academy.homePage.initilizedriver(homePage.java:22)
	at Academy.homePage.initilizedriver(homePage.java:22)
	at Academy.homePage.initilizedriver(homePage.java:22)
	at Academy.homePage.initilizedriver(homePage.java:22)
	at Academy.homePage.initilizedriver(homePage.java:22)
	at Academy.homePage.initilizedriver(homePage.java:22)
	at Academy.homePage.initilizedriver(homePage.java:22)
	at Academy.homePage.initilizedriver(homePage.java:22)
	at Academy.homePage.initilizedriver(homePage.java:22)
	at Academy.homePage.initilizedriver(homePage.java:22)
	at Academy.homePage.initilizedriver(homePage.java:22)
	at Academy.homePage.initilizedriver(homePage.java:22)
	at Academy.homePage.initilizedriver(homePage.java:22)
	at Academy.homePage.initilizedriver(homePage.java:22)
	at Academy.homePage.initilizedriver(homePage.java:22)
	at Academy.homePage.initilizedriver(homePage.java:22)
	at Academy.homePage.initilizedriver(homePage.java:22)
	at Academy.homePage.initilizedriver(homePage.java:22)
	at Academy.homePage.initilizedriver(homePage.java:22)
	at Academy.homePage.initilizedriver(homePage.java:22)
	at Academy.homePage.initilizedriver(homePage.java:22)
	at Academy.homePage.initilizedriver(homePage.java:22)
	at Academy.homePage.initilizedriver(homePage.java:22)
	at Academy.homePage.initilizedriver(homePage.java:22)
	at Academy.homePage.initilizedriver(homePage.java:22)
	at Academy.homePage.initilizedriver(homePage.java:22)
	at Academy.homePage.initilizedriver(homePage.java:22)
	at Academy.homePage.initilizedriver(homePage.java:22)
	at Academy.homePage.initilizedriver(homePage.java:22)
	at Academy.homePage.initilizedriver(homePage.java:22)
	at Academy.homePage.initilizedriver(homePage.java:22)
	at Academy.homePage.initilizedriver(homePage.java:22)
	at Academy.homePage.initilizedriver(homePage.java:22)
	at Academy.homePage.initilizedriver(homePage.java:22)
	at Academy.homePage.initilizedriver(homePage.java:22)
	at Academy.homePage.initilizedriver(homePage.java:22)
	at Academy.homePage.initilizedriver(homePage.java:22)
	at Academy.homePage.initilizedriver(homePage.java:22)
	at Academy.homePage.initilizedriver(homePage.java:22)
	at Academy.homePage.initilizedriver(homePage.java:22)
	at Academy.homePage.initilizedriver(homePage.java:22)
	at Academy.homePage.initilizedriver(homePage.java:22)
	at Academy.homePage.initilizedriver(homePage.java:22)
	at Academy.homePage.initilizedriver(homePage.java:22)
	at Academy.homePage.initilizedriver(homePage.java:22)
	at Academy.homePage.initilizedriver(homePage.java:22)
	at Academy.homePage.initilizedriver(homePage.java:22)
	at Academy.homePage.initilizedriver(homePage.java:22)
	at Academy.homePage.initilizedriver(homePage.java:22)
	at Academy.homePage.initilizedriver(homePage.java:22)
	at Academy.homePage.initilizedriver(homePage.java:22)
	at Academy.homePage.initilizedriver(homePage.java:22)
	at Academy.homePage.initilizedriver(homePage.java:22)
	at Academy.homePage.initilizedriver(homePage.java:22)
	at Academy.homePage.initilizedriver(homePage.java:22)
	at Academy.homePage.initilizedriver(homePage.java:22)
	at Academy.homePage.initilizedriver(homePage.java:22)
	at Academy.homePage.initilizedriver(homePage.java:22)
	at Academy.homePage.initilizedriver(homePage.java:22)
	at Academy.homePage.initilizedriver(homePage.java:22)
	at Academy.homePage.initilizedriver(homePage.java:22)
	at Academy.homePage.initilizedriver(homePage.java:22)
	at Academy.homePage.initilizedriver(homePage.java:22)
	at Academy.homePage.initilizedriver(homePage.java:22)
	at Academy.homePage.initilizedriver(homePage.java:22)
	at Academy.homePage.initilizedriver(homePage.java:22)
	at Academy.homePage.initilizedriver(homePage.java:22)
	at Academy.homePage.initilizedriver(homePage.java:22)
	at Academy.homePage.initilizedriver(homePage.java:22)
	at Academy.homePage.initilizedriver(homePage.java:22)
	at Academy.homePage.initilizedriver(homePage.java:22)
	at Academy.homePage.initilizedriver(homePage.java:22)
	at Academy.homePage.initilizedriver(homePage.java:22)
	at Academy.homePage.initilizedriver(homePage.java:22)
	at Academy.homePage.initilizedriver(homePage.java:22)
	at Academy.homePage.initilizedriver(homePage.java:22)
	at Academy.homePage.initilizedriver(homePage.java:22)
	at Academy.homePage.initilizedriver(homePage.java:22)
	at Academy.homePage.initilizedriver(homePage.java:22)
	at Academy.homePage.initilizedriver(homePage.java:22)
	at Academy.homePage.initilizedriver(homePage.java:22)
	at Academy.homePage.initilizedriver(homePage.java:22)
	at Academy.homePage.initilizedriver(homePage.java:22)
	at Academy.homePage.initilizedriver(homePage.java:22)
	at Academy.homePage.initilizedriver(homePage.java:22)
	at Academy.homePage.initilizedriver(homePage.java:22)
	at Academy.homePage.initilizedriver(homePage.java:22)
	at Academy.homePage.initilizedriver(homePage.java:22)
	at Academy.homePage.initilizedriver(homePage.java:22)
	at Academy.homePage.initilizedriver(homePage.java:22)
	at Academy.homePage.initilizedriver(homePage.java:22)
	at Academy.homePage.initilizedriver(homePage.java:22)
	at Academy.homePage.initilizedriver(homePage.java:22)
	at Academy.homePage.initilizedriver(homePage.java:22)
	at Academy.homePage.initilizedriver(homePage.java:22)
	at Academy.homePage.initilizedriver(homePage.java:22)
	at Academy.homePage.initilizedriver(homePage.java:22)
	at Academy.homePage.initilizedriver(homePage.java:22)
	at Academy.homePage.initilizedriver(homePage.java:22)
	at Academy.homePage.initilizedriver(homePage.java:22)
	at Academy.homePage.initilizedriver(homePage.java:22)
	at Academy.homePage.initilizedriver(homePage.java:22)
	at Academy.homePage.initilizedriver(homePage.java:22)
	at Academy.homePage.initilizedriver(homePage.java:22)
	at Academy.homePage.initilizedriver(homePage.java:22)
	at Academy.homePage.initilizedriver(homePage.java:22)
	at Academy.homePage.initilizedriver(homePage.java:22)
	at Academy.homePage.initilizedriver(homePage.java:22)
	at Academy.homePage.initilizedriver(homePage.java:22)
	at Academy.homePage.initilizedriver(homePage.java:22)
	at Academy.homePage.initilizedriver(homePage.java:22)
	at Academy.homePage.initilizedriver(homePage.java:22)
	at Academy.homePage.initilizedriver(homePage.java:22)
	at Academy.homePage.initilizedriver(homePage.java:22)
	at Academy.homePage.initilizedriver(homePage.java:22)
	at Academy.homePage.initilizedriver(homePage.java:22)
	at Academy.homePage.initilizedriver(homePage.java:22)
	at Academy.homePage.initilizedriver(homePage.java:22)
	at Academy.homePage.initilizedriver(homePage.java:22)
	at Academy.homePage.initilizedriver(homePage.java:22)
	at Academy.homePage.initilizedriver(homePage.java:22)
	at Academy.homePage.initilizedriver(homePage.java:22)
	at Academy.homePage.initilizedriver(homePage.java:22)
	at Academy.homePage.initilizedriver(homePage.java:22)
	at Academy.homePage.initilizedriver(homePage.java:22)
	at Academy.homePage.initilizedriver(homePage.java:22)
	at Academy.homePage.initilizedriver(homePage.java:22)
	at Academy.homePage.initilizedriver(homePage.java:22)
	at Academy.homePage.initilizedriver(homePage.java:22)
	at Academy.homePage.initilizedriver(homePage.java:22)
	at Academy.homePage.initilizedriver(homePage.java:22)
	at Academy.homePage.initilizedriver(homePage.java:22)
	at Academy.homePage.initilizedriver(homePage.java:22)
	at Academy.homePage.initilizedriver(homePage.java:22)
	at Academy.homePage.initilizedriver(homePage.java:22)
	at Academy.homePage.initilizedriver(homePage.java:22)
	at Academy.homePage.initilizedriver(homePage.java:22)
	at Academy.homePage.initilizedriver(homePage.java:22)
	at Academy.homePage.initilizedriver(homePage.java:22)
	at Academy.homePage.initilizedriver(homePage.java:22)
	at Academy.homePage.initilizedriver(homePage.java:22)
	at Academy.homePage.initilizedriver(homePage.java:22)
	at Academy.homePage.initilizedriver(homePage.java:22)
	at Academy.homePage.initilizedriver(homePage.java:22)
	at Academy.homePage.initilizedriver(homePage.java:22)
	at Academy.homePage.initilizedriver(homePage.java:22)
	at Academy.homePage.initilizedriver(homePage.java:22)
	at Academy.homePage.initilizedriver(homePage.java:22)
	at Academy.homePage.initilizedriver(homePage.java:22)
	at Academy.homePage.initilizedriver(homePage.java:22)
	at Academy.homePage.initilizedriver(homePage.java:22)
	at Academy.homePage.initilizedriver(homePage.java:22)
	at Academy.homePage.initilizedriver(homePage.java:22)
	at Academy.homePage.initilizedriver(homePage.java:22)
	at Academy.homePage.initilizedriver(homePage.java:22)
	at Academy.homePage.initilizedriver(homePage.java:22)
	at Academy.homePage.initilizedriver(homePage.java:22)
	at Academy.homePage.initilizedriver(homePage.java:22)
	at Academy.homePage.initilizedriver(homePage.java:22)
	at Academy.homePage.initilizedriver(homePage.java:22)
	at Academy.homePage.initilizedriver(homePage.java:22)
	at Academy.homePage.initilizedriver(homePage.java:22)
	at Academy.homePage.initilizedriver(homePage.java:22)
	at Academy.homePage.initilizedriver(homePage.java:22)
	at Academy.homePage.initilizedriver(homePage.java:22)
	at Academy.homePage.initilizedriver(homePage.java:22)
	at Academy.homePage.initilizedriver(homePage.java:22)
	at Academy.homePage.initilizedriver(homePage.java:22)
	at Academy.homePage.initilizedriver(homePage.java:22)
	at Academy.homePage.initilizedriver(homePage.java:22)
	at Academy.homePage.initilizedriver(homePage.java:22)
	at Academy.homePage.initilizedriver(homePage.java:22)
	at Academy.homePage.initilizedriver(homePage.java:22)
	at Academy.homePage.initilizedriver(homePage.java:22)
	at Academy.homePage.initilizedriver(homePage.java:22)
	at Academy.homePage.initilizedriver(homePage.java:22)
	at Academy.homePage.initilizedriver(homePage.java:22)
	at Academy.homePage.initilizedriver(homePage.java:22)
	at Academy.homePage.initilizedriver(homePage.java:22)
	at Academy.homePage.initilizedriver(homePage.java:22)
	at Academy.homePage.initilizedriver(homePage.java:22)
	at Academy.homePage.initilizedriver(homePage.java:22)
	at Academy.homePage.initilizedriver(homePage.java:22)
	at Academy.homePage.initilizedriver(homePage.java:22)
	at Academy.homePage.initilizedriver(homePage.java:22)
	at Academy.homePage.initilizedriver(homePage.java:22)
	at Academy.homePage.initilizedriver(homePage.java:22)
	at Academy.homePage.initilizedriver(homePage.java:22)
	at Academy.homePage.initilizedriver(homePage.java:22)
	at Academy.homePage.initilizedriver(homePage.java:22)
	at Academy.homePage.initilizedriver(homePage.java:22)
	at Academy.homePage.initilizedriver(homePage.java:22)
	at Academy.homePage.initilizedriver(homePage.java:22)
	at Academy.homePage.initilizedriver(homePage.java:22)
	at Academy.homePage.initilizedriver(homePage.java:22)
	at Academy.homePage.initilizedriver(homePage.java:22)
	at Academy.homePage.initilizedriver(homePage.java:22)
	at Academy.homePage.initilizedriver(homePage.java:22)
	at Academy.homePage.initilizedriver(homePage.java:22)
	at Academy.homePage.initilizedriver(homePage.java:22)
	at Academy.homePage.initilizedriver(homePage.java:22)
	at Academy.homePage.initilizedriver(homePage.java:22)
	at Academy.homePage.initilizedriver(homePage.java:22)
	at Academy.homePage.initilizedriver(homePage.java:22)
	at Academy.homePage.initilizedriver(homePage.java:22)
	at Academy.homePage.initilizedriver(homePage.java:22)
	at Academy.homePage.initilizedriver(homePage.java:22)
	at Academy.homePage.initilizedriver(homePage.java:22)
	at Academy.homePage.initilizedriver(homePage.java:22)
	at Academy.homePage.initilizedriver(homePage.java:22)
	at Academy.homePage.initilizedriver(homePage.java:22)
	at Academy.homePage.initilizedriver(homePage.java:22)
	at Academy.homePage.initilizedriver(homePage.java:22)
	at Academy.homePage.initilizedriver(homePage.java:22)
	at Academy.homePage.initilizedriver(homePage.java:22)
	at Academy.homePage.initilizedriver(homePage.java:22)
	at Academy.homePage.initilizedriver(homePage.java:22)
	at Academy.homePage.initilizedriver(homePage.java:22)
	at Academy.homePage.initilizedriver(homePage.java:22)
	at Academy.homePage.initilizedriver(homePage.java:22)
	at Academy.homePage.initilizedriver(homePage.java:22)
	at Academy.homePage.initilizedriver(homePage.java:22)
	at Academy.homePage.initilizedriver(homePage.java:22)
	at Academy.homePage.initilizedriver(homePage.java:22)
	at Academy.homePage.initilizedriver(homePage.java:22)
	at Academy.homePage.initilizedriver(homePage.java:22)
	at Academy.homePage.initilizedriver(homePage.java:22)
	at Academy.homePage.initilizedriver(homePage.java:22)
	at Academy.homePage.initilizedriver(homePage.java:22)
	at Academy.homePage.initilizedriver(homePage.java:22)
	at Academy.homePage.initilizedriver(homePage.java:22)
	at Academy.homePage.initilizedriver(homePage.java:22)
	at Academy.homePage.initilizedriver(homePage.java:22)
	at Academy.homePage.initilizedriver(homePage.java:22)
	at Academy.homePage.initilizedriver(homePage.java:22)
	at Academy.homePage.initilizedriver(homePage.java:22)
	at Academy.homePage.initilizedriver(homePage.java:22)
	at Academy.homePage.initilizedriver(homePage.java:22)
	at Academy.homePage.initilizedriver(homePage.java:22)
	at Academy.homePage.initilizedriver(homePage.java:22)
	at Academy.homePage.initilizedriver(homePage.java:22)
	at Academy.homePage.initilizedriver(homePage.java:22)
	at Academy.homePage.initilizedriver(homePage.java:22)
	at Academy.homePage.initilizedriver(homePage.java:22)
	at Academy.homePage.initilizedriver(homePage.java:22)
	at Academy.homePage.initilizedriver(homePage.java:22)
	at Academy.homePage.initilizedriver(homePage.java:22)
	at Academy.homePage.initilizedriver(homePage.java:22)
	at Academy.homePage.initilizedriver(homePage.java:22)
	at Academy.homePage.initilizedriver(homePage.java:22)
	at Academy.homePage.initilizedriver(homePage.java:22)
	at Academy.homePage.initilizedriver(homePage.java:22)
	at Academy.homePage.initilizedriver(homePage.java:22)
	at Academy.homePage.initilizedriver(homePage.java:22)
	at Academy.homePage.initilizedriver(homePage.java:22)
	at Academy.homePage.initilizedriver(homePage.java:22)
	at Academy.homePage.initilizedriver(homePage.java:22)
	at Academy.homePage.initilizedriver(homePage.java:22)
	at Academy.homePage.initilizedriver(homePage.java:22)
]]></failure>
  </testcase>
  <testcase name="basepagenavigation" classname="Academy.homePage" time="0">
    <skipped/>
  </testcase>
  <testcase name="teardown" classname="Academy.homePage" time="0">
    <skipped/>
  </testcase>
</testsuite>