<?xml version="1.0" encoding="UTF-8"?>
<!-- Generated by org.testng.reporters.JUnitReportReporter -->
<testsuite skipped="1" hostname="DESKTOP-97D7SMM" name="Academy.homePage" tests="2" failures="0" timestamp="18 Jun 2020 11:00:17 GMT" time="0.002" errors="1">
  <testcase name="basepagenavigation" time="0.000" classname="Academy.homePage">
    <skipped/>
  </testcase> <!-- basepagenavigation -->
  <testcase name="initilizedriver" time="0.002" classname="Academy.homePage">
    <error type="java.lang.StackOverflowError">
      <![CDATA[java.lang.StackOverflowError
at Academy.homePage.initilizedriver(homePage.java:22)
at Academy.homePage.initilizedriver(homePage.java:22)
at Academy.homePage.initilizedriver(homePage.java:22)
at Academy.homePage.initilizedriver(homePage.java:22)
at Academy.homePage.initilizedriver(homePage.java:22)
at Academy.homePage.initilizedriver(homePage.java:22)
at Academy.homePage.initilizedriver(homePage.java:22)
at Academy.homePage.initilizedriver(homePage.java:22)
at Academy.homePage.initilizedriver(homePage.java:22)
at Academy.homePage.initilizedriver(homePage.java:22)
at Academy.homePage.initilizedriver(homePage.java:22)
at Academy.homePage.initilizedriver(homePage.java:22)
at Academy.homePage.initilizedriver(homePage.java:22)
at Academy.homePage.initilizedriver(homePage.java:22)
at Academy.homePage.initilizedriver(homePage.java:22)
at Academy.homePage.initilizedriver(homePage.java:22)
at Academy.homePage.initilizedriver(homePage.java:22)
at Academy.homePage.initilizedriver(homePage.java:22)
at Academy.homePage.initilizedriver(homePage.java:22)
at Academy.homePage.initilizedriver(homePage.java:22)
at Academy.homePage.initilizedriver(homePage.java:22)
at Academy.homePage.initilizedriver(homePage.java:22)
at Academy.homePage.initilizedriver(homePage.java:22)
at Academy.homePage.initilizedriver(homePage.java:22)
at Academy.homePage.initilizedriver(homePage.java:22)
at Academy.homePage.initilizedriver(homePage.java:22)
at Academy.homePage.initilizedriver(homePage.java:22)
at Academy.homePage.initilizedriver(homePage.java:22)
at Academy.homePage.initilizedriver(homePage.java:22)
at Academy.homePage.initilizedriver(homePage.java:22)
at Academy.homePage.initilizedriver(homePage.java:22)
at Academy.homePage.initilizedriver(homePage.java:22)
at Academy.homePage.initilizedriver(homePage.java:22)
at Academy.homePage.initilizedriver(homePage.java:22)
at Academy.homePage.initilizedriver(homePage.java:22)
at Academy.homePage.initilizedriver(homePage.java:22)
at Academy.homePage.initilizedriver(homePage.java:22)
at Academy.homePage.initilizedriver(homePage.java:22)
at Academy.homePage.initilizedriver(homePage.java:22)
at Academy.homePage.initilizedriver(homePage.java:22)
at Academy.homePage.initilizedriver(homePage.java:22)
at Academy.homePage.initilizedriver(homePage.java:22)
at Academy.homePage.initilizedriver(homePage.java:22)
at Academy.homePage.initilizedriver(homePage.java:22)
at Academy.homePage.initilizedriver(homePage.java:22)
at Academy.homePage.initilizedriver(homePage.java:22)
at Academy.homePage.initilizedriver(homePage.java:22)
at Academy.homePage.initilizedriver(homePage.java:22)
at Academy.homePage.initilizedriver(homePage.java:22)
at Academy.homePage.initilizedriver(homePage.java:22)
at Academy.homePage.initilizedriver(homePage.java:22)
at Academy.homePage.initilizedriver(homePage.java:22)
at Academy.homePage.initilizedriver(homePage.java:22)
at Academy.homePage.initilizedriver(homePage.java:22)
at Academy.homePage.initilizedriver(homePage.java:22)
at Academy.homePage.initilizedriver(homePage.java:22)
at Academy.homePage.initilizedriver(homePage.java:22)
at Academy.homePage.initilizedriver(homePage.java:22)
at Academy.homePage.initilizedriver(homePage.java:22)
at Academy.homePage.initilizedriver(homePage.java:22)
at Academy.homePage.initilizedriver(homePage.java:22)
at Academy.homePage.initilizedriver(homePage.java:22)
at Academy.homePage.initilizedriver(homePage.java:22)
at Academy.homePage.initilizedriver(homePage.java:22)
at Academy.homePage.initilizedriver(homePage.java:22)
at Academy.homePage.initilizedriver(homePage.java:22)
at Academy.homePage.initilizedriver(homePage.java:22)
at Academy.homePage.initilizedriver(homePage.java:22)
at Academy.homePage.initilizedriver(homePage.java:22)
at Academy.homePage.initilizedriver(homePage.java:22)
at Academy.homePage.initilizedriver(homePage.java:22)
at Academy.homePage.initilizedriver(homePage.java:22)
at Academy.homePage.initilizedriver(homePage.java:22)
at Academy.homePage.initilizedriver(homePage.java:22)
at Academy.homePage.initilizedriver(homePage.java:22)
at Academy.homePage.initilizedriver(homePage.java:22)
at Academy.homePage.initilizedriver(homePage.java:22)
at Academy.homePage.initilizedriver(homePage.java:22)
at Academy.homePage.initilizedriver(homePage.java:22)
at Academy.homePage.initilizedriver(homePage.java:22)
at Academy.homePage.initilizedriver(homePage.java:22)
at Academy.homePage.initilizedriver(homePage.java:22)
at Academy.homePage.initilizedriver(homePage.java:22)
at Academy.homePage.initilizedriver(homePage.java:22)
at Academy.homePage.initilizedriver(homePage.java:22)
at Academy.homePage.initilizedriver(homePage.java:22)
at Academy.homePage.initilizedriver(homePage.java:22)
at Academy.homePage.initilizedriver(homePage.java:22)
at Academy.homePage.initilizedriver(homePage.java:22)
at Academy.homePage.initilizedriver(homePage.java:22)
at Academy.homePage.initilizedriver(homePage.java:22)
at Academy.homePage.initilizedriver(homePage.java:22)
at Academy.homePage.initilizedriver(homePage.java:22)
at Academy.homePage.initilizedriver(homePage.java:22)
at Academy.homePage.initilizedriver(homePage.java:22)
at Academy.homePage.initilizedriver(homePage.java:22)
at Academy.homePage.initilizedriver(homePage.java:22)
at Academy.homePage.initilizedriver(homePage.java:22)
at Academy.homePage.initilizedriver(homePage.java:22)
at Academy.homePage.initilizedriver(homePage.java:22)
at Academy.homePage.initilizedriver(homePage.java:22)
at Academy.homePage.initilizedriver(homePage.java:22)
at Academy.homePage.initilizedriver(homePage.java:22)
at Academy.homePage.initilizedriver(homePage.java:22)
at Academy.homePage.initilizedriver(homePage.java:22)
at Academy.homePage.initilizedriver(homePage.java:22)
at Academy.homePage.initilizedriver(homePage.java:22)
at Academy.homePage.initilizedriver(homePage.java:22)
at Academy.homePage.initilizedriver(homePage.java:22)
at Academy.homePage.initilizedriver(homePage.java:22)
at Academy.homePage.initilizedriver(homePage.java:22)
at Academy.homePage.initilizedriver(homePage.java:22)
at Academy.homePage.initilizedriver(homePage.java:22)
at Academy.homePage.initilizedriver(homePage.java:22)
at Academy.homePage.initilizedriver(homePage.java:22)
at Academy.homePage.initilizedriver(homePage.java:22)
at Academy.homePage.initilizedriver(homePage.java:22)
at Academy.homePage.initilizedriver(homePage.java:22)
at Academy.homePage.initilizedriver(homePage.java:22)
at Academy.homePage.initilizedriver(homePage.java:22)
at Academy.homePage.initilizedriver(homePage.java:22)
at Academy.homePage.initilizedriver(homePage.java:22)
at Academy.homePage.initilizedriver(homePage.java:22)
at Academy.homePage.initilizedriver(homePage.java:22)
at Academy.homePage.initilizedriver(homePage.java:22)
at Academy.homePage.initilizedriver(homePage.java:22)
at Academy.homePage.initilizedriver(homePage.java:22)
at Academy.homePage.initilizedriver(homePage.java:22)
at Academy.homePage.initilizedriver(homePage.java:22)
at Academy.homePage.initilizedriver(homePage.java:22)
at Academy.homePage.initilizedriver(homePage.java:22)
at Academy.homePage.initilizedriver(homePage.java:22)
at Academy.homePage.initilizedriver(homePage.java:22)
at Academy.homePage.initilizedriver(homePage.java:22)
at Academy.homePage.initilizedriver(homePage.java:22)
at Academy.homePage.initilizedriver(homePage.java:22)
at Academy.homePage.initilizedriver(homePage.java:22)
at Academy.homePage.initilizedriver(homePage.java:22)
at Academy.homePage.initilizedriver(homePage.java:22)
at Academy.homePage.initilizedriver(homePage.java:22)
at Academy.homePage.initilizedriver(homePage.java:22)
at Academy.homePage.initilizedriver(homePage.java:22)
at Academy.homePage.initilizedriver(homePage.java:22)
at Academy.homePage.initilizedriver(homePage.java:22)
at Academy.homePage.initilizedriver(homePage.java:22)
at Academy.homePage.initilizedriver(homePage.java:22)
at Academy.homePage.initilizedriver(homePage.java:22)
at Academy.homePage.initilizedriver(homePage.java:22)
at Academy.homePage.initilizedriver(homePage.java:22)
at Academy.homePage.initilizedriver(homePage.java:22)
at Academy.homePage.initilizedriver(homePage.java:22)
at Academy.homePage.initilizedriver(homePage.java:22)
at Academy.homePage.initilizedriver(homePage.java:22)
at Academy.homePage.initilizedriver(homePage.java:22)
at Academy.homePage.initilizedriver(homePage.java:22)
at Academy.homePage.initilizedriver(homePage.java:22)
at Academy.homePage.initilizedriver(homePage.java:22)
at Academy.homePage.initilizedriver(homePage.java:22)
at Academy.homePage.initilizedriver(homePage.java:22)
at Academy.homePage.initilizedriver(homePage.java:22)
at Academy.homePage.initilizedriver(homePage.java:22)
at Academy.homePage.initilizedriver(homePage.java:22)
at Academy.homePage.initilizedriver(homePage.java:22)
at Academy.homePage.initilizedriver(homePage.java:22)
at Academy.homePage.initilizedriver(homePage.java:22)
at Academy.homePage.initilizedriver(homePage.java:22)
at Academy.homePage.initilizedriver(homePage.java:22)
at Academy.homePage.initilizedriver(homePage.java:22)
at Academy.homePage.initilizedriver(homePage.java:22)
at Academy.homePage.initilizedriver(homePage.java:22)
at Academy.homePage.initilizedriver(homePage.java:22)
at Academy.homePage.initilizedriver(homePage.java:22)
at Academy.homePage.initilizedriver(homePage.java:22)
at Academy.homePage.initilizedriver(homePage.java:22)
at Academy.homePage.initilizedriver(homePage.java:22)
at Academy.homePage.initilizedriver(homePage.java:22)
at Academy.homePage.initilizedriver(homePage.java:22)
at Academy.homePage.initilizedriver(homePage.java:22)
at Academy.homePage.initilizedriver(homePage.java:22)
at Academy.homePage.initilizedriver(homePage.java:22)
at Academy.homePage.initilizedriver(homePage.java:22)
at Academy.homePage.initilizedriver(homePage.java:22)
at Academy.homePage.initilizedriver(homePage.java:22)
at Academy.homePage.initilizedriver(homePage.java:22)
at Academy.homePage.initilizedriver(homePage.java:22)
at Academy.homePage.initilizedriver(homePage.java:22)
at Academy.homePage.initilizedriver(homePage.java:22)
at Academy.homePage.initilizedriver(homePage.java:22)
at Academy.homePage.initilizedriver(homePage.java:22)
at Academy.homePage.initilizedriver(homePage.java:22)
at Academy.homePage.initilizedriver(homePage.java:22)
at Academy.homePage.initilizedriver(homePage.java:22)
at Academy.homePage.initilizedriver(homePage.java:22)
at Academy.homePage.initilizedriver(homePage.java:22)
at Academy.homePage.initilizedriver(homePage.java:22)
at Academy.homePage.initilizedriver(homePage.java:22)
at Academy.homePage.initilizedriver(homePage.java:22)
at Academy.homePage.initilizedriver(homePage.java:22)
at Academy.homePage.initilizedriver(homePage.java:22)
at Academy.homePage.initilizedriver(homePage.java:22)
at Academy.homePage.initilizedriver(homePage.java:22)
at Academy.homePage.initilizedriver(homePage.java:22)
at Academy.homePage.initilizedriver(homePage.java:22)
at Academy.homePage.initilizedriver(homePage.java:22)
at Academy.homePage.initilizedriver(homePage.java:22)
at Academy.homePage.initilizedriver(homePage.java:22)
at Academy.homePage.initilizedriver(homePage.java:22)
at Academy.homePage.initilizedriver(homePage.java:22)
at Academy.homePage.initilizedriver(homePage.java:22)
at Academy.homePage.initilizedriver(homePage.java:22)
at Academy.homePage.initilizedriver(homePage.java:22)
at Academy.homePage.initilizedriver(homePage.java:22)
at Academy.homePage.initilizedriver(homePage.java:22)
at Academy.homePage.initilizedriver(homePage.java:22)
at Academy.homePage.initilizedriver(homePage.java:22)
at Academy.homePage.initilizedriver(homePage.java:22)
at Academy.homePage.initilizedriver(homePage.java:22)
at Academy.homePage.initilizedriver(homePage.java:22)
at Academy.homePage.initilizedriver(homePage.java:22)
at Academy.homePage.initilizedriver(homePage.java:22)
at Academy.homePage.initilizedriver(homePage.java:22)
at Academy.homePage.initilizedriver(homePage.java:22)
at Academy.homePage.initilizedriver(homePage.java:22)
at Academy.homePage.initilizedriver(homePage.java:22)
at Academy.homePage.initilizedriver(homePage.java:22)
at Academy.homePage.initilizedriver(homePage.java:22)
at Academy.homePage.initilizedriver(homePage.java:22)
at Academy.homePage.initilizedriver(homePage.java:22)
at Academy.homePage.initilizedriver(homePage.java:22)
at Academy.homePage.initilizedriver(homePage.java:22)
at Academy.homePage.initilizedriver(homePage.java:22)
at Academy.homePage.initilizedriver(homePage.java:22)
at Academy.homePage.initilizedriver(homePage.java:22)
at Academy.homePage.initilizedriver(homePage.java:22)
at Academy.homePage.initilizedriver(homePage.java:22)
at Academy.homePage.initilizedriver(homePage.java:22)
at Academy.homePage.initilizedriver(homePage.java:22)
at Academy.homePage.initilizedriver(homePage.java:22)
at Academy.homePage.initilizedriver(homePage.java:22)
at Academy.homePage.initilizedriver(homePage.java:22)
at Academy.homePage.initilizedriver(homePage.java:22)
at Academy.homePage.initilizedriver(homePage.java:22)
at Academy.homePage.initilizedriver(homePage.java:22)
at Academy.homePage.initilizedriver(homePage.java:22)
at Academy.homePage.initilizedriver(homePage.java:22)
at Academy.homePage.initilizedriver(homePage.java:22)
at Academy.homePage.initilizedriver(homePage.java:22)
at Academy.homePage.initilizedriver(homePage.java:22)
at Academy.homePage.initilizedriver(homePage.java:22)
at Academy.homePage.initilizedriver(homePage.java:22)
at Academy.homePage.initilizedriver(homePage.java:22)
at Academy.homePage.initilizedriver(homePage.java:22)
at Academy.homePage.initilizedriver(homePage.java:22)
at Academy.homePage.initilizedriver(homePage.java:22)
at Academy.homePage.initilizedriver(homePage.java:22)
at Academy.homePage.initilizedriver(homePage.java:22)
at Academy.homePage.initilizedriver(homePage.java:22)
at Academy.homePage.initilizedriver(homePage.java:22)
at Academy.homePage.initilizedriver(homePage.java:22)
at Academy.homePage.initilizedriver(homePage.java:22)
at Academy.homePage.initilizedriver(homePage.java:22)
at Academy.homePage.initilizedriver(homePage.java:22)
at Academy.homePage.initilizedriver(homePage.java:22)
at Academy.homePage.initilizedriver(homePage.java:22)
at Academy.homePage.initilizedriver(homePage.java:22)
at Academy.homePage.initilizedriver(homePage.java:22)
at Academy.homePage.initilizedriver(homePage.java:22)
at Academy.homePage.initilizedriver(homePage.java:22)
at Academy.homePage.initilizedriver(homePage.java:22)
at Academy.homePage.initilizedriver(homePage.java:22)
at Academy.homePage.initilizedriver(homePage.java:22)
at Academy.homePage.initilizedriver(homePage.java:22)
at Academy.homePage.initilizedriver(homePage.java:22)
at Academy.homePage.initilizedriver(homePage.java:22)
at Academy.homePage.initilizedriver(homePage.java:22)
at Academy.homePage.initilizedriver(homePage.java:22)
at Academy.homePage.initilizedriver(homePage.java:22)
at Academy.homePage.initilizedriver(homePage.java:22)
at Academy.homePage.initilizedriver(homePage.java:22)
at Academy.homePage.initilizedriver(homePage.java:22)
at Academy.homePage.initilizedriver(homePage.java:22)
at Academy.homePage.initilizedriver(homePage.java:22)
at Academy.homePage.initilizedriver(homePage.java:22)
at Academy.homePage.initilizedriver(homePage.java:22)
at Academy.homePage.initilizedriver(homePage.java:22)
at Academy.homePage.initilizedriver(homePage.java:22)
at Academy.homePage.initilizedriver(homePage.java:22)
at Academy.homePage.initilizedriver(homePage.java:22)
at Academy.homePage.initilizedriver(homePage.java:22)
at Academy.homePage.initilizedriver(homePage.java:22)
at Academy.homePage.initilizedriver(homePage.java:22)
at Academy.homePage.initilizedriver(homePage.java:22)
at Academy.homePage.initilizedriver(homePage.java:22)
at Academy.homePage.initilizedriver(homePage.java:22)
at Academy.homePage.initilizedriver(homePage.java:22)
at Academy.homePage.initilizedriver(homePage.java:22)
at Academy.homePage.initilizedriver(homePage.java:22)
at Academy.homePage.initilizedriver(homePage.java:22)
at Academy.homePage.initilizedriver(homePage.java:22)
at Academy.homePage.initilizedriver(homePage.java:22)
at Academy.homePage.initilizedriver(homePage.java:22)
at Academy.homePage.initilizedriver(homePage.java:22)
at Academy.homePage.initilizedriver(homePage.java:22)
at Academy.homePage.initilizedriver(homePage.java:22)
at Academy.homePage.initilizedriver(homePage.java:22)
at Academy.homePage.initilizedriver(homePage.java:22)
at Academy.homePage.initilizedriver(homePage.java:22)
at Academy.homePage.initilizedriver(homePage.java:22)
at Academy.homePage.initilizedriver(homePage.java:22)
at Academy.homePage.initilizedriver(homePage.java:22)
at Academy.homePage.initilizedriver(homePage.java:22)
at Academy.homePage.initilizedriver(homePage.java:22)
at Academy.homePage.initilizedriver(homePage.java:22)
at Academy.homePage.initilizedriver(homePage.java:22)
at Academy.homePage.initilizedriver(homePage.java:22)
at Academy.homePage.initilizedriver(homePage.java:22)
at Academy.homePage.initilizedriver(homePage.java:22)
at Academy.homePage.initilizedriver(homePage.java:22)
at Academy.homePage.initilizedriver(homePage.java:22)
at Academy.homePage.initilizedriver(homePage.java:22)
at Academy.homePage.initilizedriver(homePage.java:22)
at Academy.homePage.initilizedriver(homePage.java:22)
at Academy.homePage.initilizedriver(homePage.java:22)
at Academy.homePage.initilizedriver(homePage.java:22)
at Academy.homePage.initilizedriver(homePage.java:22)
at Academy.homePage.initilizedriver(homePage.java:22)
at Academy.homePage.initilizedriver(homePage.java:22)
at Academy.homePage.initilizedriver(homePage.java:22)
at Academy.homePage.initilizedriver(homePage.java:22)
at Academy.homePage.initilizedriver(homePage.java:22)
at Academy.homePage.initilizedriver(homePage.java:22)
at Academy.homePage.initilizedriver(homePage.java:22)
at Academy.homePage.initilizedriver(homePage.java:22)
at Academy.homePage.initilizedriver(homePage.java:22)
at Academy.homePage.initilizedriver(homePage.java:22)
at Academy.homePage.initilizedriver(homePage.java:22)
at Academy.homePage.initilizedriver(homePage.java:22)
at Academy.homePage.initilizedriver(homePage.java:22)
at Academy.homePage.initilizedriver(homePage.java:22)
at Academy.homePage.initilizedriver(homePage.java:22)
at Academy.homePage.initilizedriver(homePage.java:22)
at Academy.homePage.initilizedriver(homePage.java:22)
at Academy.homePage.initilizedriver(homePage.java:22)
at Academy.homePage.initilizedriver(homePage.java:22)
at Academy.homePage.initilizedriver(homePage.java:22)
at Academy.homePage.initilizedriver(homePage.java:22)
at Academy.homePage.initilizedriver(homePage.java:22)
at Academy.homePage.initilizedriver(homePage.java:22)
at Academy.homePage.initilizedriver(homePage.java:22)
at Academy.homePage.initilizedriver(homePage.java:22)
at Academy.homePage.initilizedriver(homePage.java:22)
at Academy.homePage.initilizedriver(homePage.java:22)
at Academy.homePage.initilizedriver(homePage.java:22)
at Academy.homePage.initilizedriver(homePage.java:22)
at Academy.homePage.initilizedriver(homePage.java:22)
at Academy.homePage.initilizedriver(homePage.java:22)
at Academy.homePage.initilizedriver(homePage.java:22)
at Academy.homePage.initilizedriver(homePage.java:22)
at Academy.homePage.initilizedriver(homePage.java:22)
at Academy.homePage.initilizedriver(homePage.java:22)
at Academy.homePage.initilizedriver(homePage.java:22)
at Academy.homePage.initilizedriver(homePage.java:22)
at Academy.homePage.initilizedriver(homePage.java:22)
at Academy.homePage.initilizedriver(homePage.java:22)
at Academy.homePage.initilizedriver(homePage.java:22)
at Academy.homePage.initilizedriver(homePage.java:22)
at Academy.homePage.initilizedriver(homePage.java:22)
at Academy.homePage.initilizedriver(homePage.java:22)
at Academy.homePage.initilizedriver(homePage.java:22)
at Academy.homePage.initilizedriver(homePage.java:22)
at Academy.homePage.initilizedriver(homePage.java:22)
at Academy.homePage.initilizedriver(homePage.java:22)
at Academy.homePage.initilizedriver(homePage.java:22)
at Academy.homePage.initilizedriver(homePage.java:22)
at Academy.homePage.initilizedriver(homePage.java:22)
at Academy.homePage.initilizedriver(homePage.java:22)
at Academy.homePage.initilizedriver(homePage.java:22)
at Academy.homePage.initilizedriver(homePage.java:22)
at Academy.homePage.initilizedriver(homePage.java:22)
at Academy.homePage.initilizedriver(homePage.java:22)
at Academy.homePage.initilizedriver(homePage.java:22)
at Academy.homePage.initilizedriver(homePage.java:22)
at Academy.homePage.initilizedriver(homePage.java:22)
at Academy.homePage.initilizedriver(homePage.java:22)
at Academy.homePage.initilizedriver(homePage.java:22)
at Academy.homePage.initilizedriver(homePage.java:22)
at Academy.homePage.initilizedriver(homePage.java:22)
at Academy.homePage.initilizedriver(homePage.java:22)
at Academy.homePage.initilizedriver(homePage.java:22)
at Academy.homePage.initilizedriver(homePage.java:22)
at Academy.homePage.initilizedriver(homePage.java:22)
at Academy.homePage.initilizedriver(homePage.java:22)
at Academy.homePage.initilizedriver(homePage.java:22)
at Academy.homePage.initilizedriver(homePage.java:22)
at Academy.homePage.initilizedriver(homePage.java:22)
at Academy.homePage.initilizedriver(homePage.java:22)
at Academy.homePage.initilizedriver(homePage.java:22)
at Academy.homePage.initilizedriver(homePage.java:22)
at Academy.homePage.initilizedriver(homePage.java:22)
at Academy.homePage.initilizedriver(homePage.java:22)
at Academy.homePage.initilizedriver(homePage.java:22)
at Academy.homePage.initilizedriver(homePage.java:22)
at Academy.homePage.initilizedriver(homePage.java:22)
at Academy.homePage.initilizedriver(homePage.java:22)
at Academy.homePage.initilizedriver(homePage.java:22)
at Academy.homePage.initilizedriver(homePage.java:22)
at Academy.homePage.initilizedriver(homePage.java:22)
at Academy.homePage.initilizedriver(homePage.java:22)
at Academy.homePage.initilizedriver(homePage.java:22)
at Academy.homePage.initilizedriver(homePage.java:22)
at Academy.homePage.initilizedriver(homePage.java:22)
at Academy.homePage.initilizedriver(homePage.java:22)
at Academy.homePage.initilizedriver(homePage.java:22)
at Academy.homePage.initilizedriver(homePage.java:22)
at Academy.homePage.initilizedriver(homePage.java:22)
at Academy.homePage.initilizedriver(homePage.java:22)
at Academy.homePage.initilizedriver(homePage.java:22)
at Academy.homePage.initilizedriver(homePage.java:22)
at Academy.homePage.initilizedriver(homePage.java:22)
at Academy.homePage.initilizedriver(homePage.java:22)
at Academy.homePage.initilizedriver(homePage.java:22)
at Academy.homePage.initilizedriver(homePage.java:22)
at Academy.homePage.initilizedriver(homePage.java:22)
at Academy.homePage.initilizedriver(homePage.java:22)
at Academy.homePage.initilizedriver(homePage.java:22)
at Academy.homePage.initilizedriver(homePage.java:22)
at Academy.homePage.initilizedriver(homePage.java:22)
at Academy.homePage.initilizedriver(homePage.java:22)
at Academy.homePage.initilizedriver(homePage.java:22)
at Academy.homePage.initilizedriver(homePage.java:22)
at Academy.homePage.initilizedriver(homePage.java:22)
at Academy.homePage.initilizedriver(homePage.java:22)
at Academy.homePage.initilizedriver(homePage.java:22)
at Academy.homePage.initilizedriver(homePage.java:22)
at Academy.homePage.initilizedriver(homePage.java:22)
at Academy.homePage.initilizedriver(homePage.java:22)
at Academy.homePage.initilizedriver(homePage.java:22)
at Academy.homePage.initilizedriver(homePage.java:22)
at Academy.homePage.initilizedriver(homePage.java:22)
at Academy.homePage.initilizedriver(homePage.java:22)
at Academy.homePage.initilizedriver(homePage.java:22)
at Academy.homePage.initilizedriver(homePage.java:22)
at Academy.homePage.initilizedriver(homePage.java:22)
at Academy.homePage.initilizedriver(homePage.java:22)
at Academy.homePage.initilizedriver(homePage.java:22)
at Academy.homePage.initilizedriver(homePage.java:22)
at Academy.homePage.initilizedriver(homePage.java:22)
at Academy.homePage.initilizedriver(homePage.java:22)
at Academy.homePage.initilizedriver(homePage.java:22)
at Academy.homePage.initilizedriver(homePage.java:22)
at Academy.homePage.initilizedriver(homePage.java:22)
at Academy.homePage.initilizedriver(homePage.java:22)
at Academy.homePage.initilizedriver(homePage.java:22)
at Academy.homePage.initilizedriver(homePage.java:22)
at Academy.homePage.initilizedriver(homePage.java:22)
at Academy.homePage.initilizedriver(homePage.java:22)
at Academy.homePage.initilizedriver(homePage.java:22)
at Academy.homePage.initilizedriver(homePage.java:22)
at Academy.homePage.initilizedriver(homePage.java:22)
at Academy.homePage.initilizedriver(homePage.java:22)
at Academy.homePage.initilizedriver(homePage.java:22)
at Academy.homePage.initilizedriver(homePage.java:22)
at Academy.homePage.initilizedriver(homePage.java:22)
at Academy.homePage.initilizedriver(homePage.java:22)
at Academy.homePage.initilizedriver(homePage.java:22)
at Academy.homePage.initilizedriver(homePage.java:22)
at Academy.homePage.initilizedriver(homePage.java:22)
at Academy.homePage.initilizedriver(homePage.java:22)
at Academy.homePage.initilizedriver(homePage.java:22)
at Academy.homePage.initilizedriver(homePage.java:22)
at Academy.homePage.initilizedriver(homePage.java:22)
at Academy.homePage.initilizedriver(homePage.java:22)
at Academy.homePage.initilizedriver(homePage.java:22)
at Academy.homePage.initilizedriver(homePage.java:22)
at Academy.homePage.initilizedriver(homePage.java:22)
at Academy.homePage.initilizedriver(homePage.java:22)
at Academy.homePage.initilizedriver(homePage.java:22)
at Academy.homePage.initilizedriver(homePage.java:22)
at Academy.homePage.initilizedriver(homePage.java:22)
at Academy.homePage.initilizedriver(homePage.java:22)
at Academy.homePage.initilizedriver(homePage.java:22)
at Academy.homePage.initilizedriver(homePage.java:22)
at Academy.homePage.initilizedriver(homePage.java:22)
at Academy.homePage.initilizedriver(homePage.java:22)
at Academy.homePage.initilizedriver(homePage.java:22)
at Academy.homePage.initilizedriver(homePage.java:22)
at Academy.homePage.initilizedriver(homePage.java:22)
at Academy.homePage.initilizedriver(homePage.java:22)
at Academy.homePage.initilizedriver(homePage.java:22)
at Academy.homePage.initilizedriver(homePage.java:22)
at Academy.homePage.initilizedriver(homePage.java:22)
at Academy.homePage.initilizedriver(homePage.java:22)
at Academy.homePage.initilizedriver(homePage.java:22)
at Academy.homePage.initilizedriver(homePage.java:22)
at Academy.homePage.initilizedriver(homePage.java:22)
at Academy.homePage.initilizedriver(homePage.java:22)
at Academy.homePage.initilizedriver(homePage.java:22)
at Academy.homePage.initilizedriver(homePage.java:22)
at Academy.homePage.initilizedriver(homePage.java:22)
at Academy.homePage.initilizedriver(homePage.java:22)
at Academy.homePage.initilizedriver(homePage.java:22)
at Academy.homePage.initilizedriver(homePage.java:22)
at Academy.homePage.initilizedriver(homePage.java:22)
at Academy.homePage.initilizedriver(homePage.java:22)
at Academy.homePage.initilizedriver(homePage.java:22)
at Academy.homePage.initilizedriver(homePage.java:22)
at Academy.homePage.initilizedriver(homePage.java:22)
at Academy.homePage.initilizedriver(homePage.java:22)
at Academy.homePage.initilizedriver(homePage.java:22)
at Academy.homePage.initilizedriver(homePage.java:22)
at Academy.homePage.initilizedriver(homePage.java:22)
at Academy.homePage.initilizedriver(homePage.java:22)
at Academy.homePage.initilizedriver(homePage.java:22)
at Academy.homePage.initilizedriver(homePage.java:22)
at Academy.homePage.initilizedriver(homePage.java:22)
at Academy.homePage.initilizedriver(homePage.java:22)
at Academy.homePage.initilizedriver(homePage.java:22)
at Academy.homePage.initilizedriver(homePage.java:22)
at Academy.homePage.initilizedriver(homePage.java:22)
at Academy.homePage.initilizedriver(homePage.java:22)
at Academy.homePage.initilizedriver(homePage.java:22)
at Academy.homePage.initilizedriver(homePage.java:22)
at Academy.homePage.initilizedriver(homePage.java:22)
at Academy.homePage.initilizedriver(homePage.java:22)
at Academy.homePage.initilizedriver(homePage.java:22)
at Academy.homePage.initilizedriver(homePage.java:22)
at Academy.homePage.initilizedriver(homePage.java:22)
at Academy.homePage.initilizedriver(homePage.java:22)
at Academy.homePage.initilizedriver(homePage.java:22)
at Academy.homePage.initilizedriver(homePage.java:22)
at Academy.homePage.initilizedriver(homePage.java:22)
at Academy.homePage.initilizedriver(homePage.java:22)
at Academy.homePage.initilizedriver(homePage.java:22)
at Academy.homePage.initilizedriver(homePage.java:22)
at Academy.homePage.initilizedriver(homePage.java:22)
at Academy.homePage.initilizedriver(homePage.java:22)
at Academy.homePage.initilizedriver(homePage.java:22)
at Academy.homePage.initilizedriver(homePage.java:22)
at Academy.homePage.initilizedriver(homePage.java:22)
at Academy.homePage.initilizedriver(homePage.java:22)
at Academy.homePage.initilizedriver(homePage.java:22)
at Academy.homePage.initilizedriver(homePage.java:22)
at Academy.homePage.initilizedriver(homePage.java:22)
at Academy.homePage.initilizedriver(homePage.java:22)
at Academy.homePage.initilizedriver(homePage.java:22)
at Academy.homePage.initilizedriver(homePage.java:22)
at Academy.homePage.initilizedriver(homePage.java:22)
at Academy.homePage.initilizedriver(homePage.java:22)
at Academy.homePage.initilizedriver(homePage.java:22)
at Academy.homePage.initilizedriver(homePage.java:22)
at Academy.homePage.initilizedriver(homePage.java:22)
at Academy.homePage.initilizedriver(homePage.java:22)
at Academy.homePage.initilizedriver(homePage.java:22)
at Academy.homePage.initilizedriver(homePage.java:22)
at Academy.homePage.initilizedriver(homePage.java:22)
at Academy.homePage.initilizedriver(homePage.java:22)
at Academy.homePage.initilizedriver(homePage.java:22)
at Academy.homePage.initilizedriver(homePage.java:22)
at Academy.homePage.initilizedriver(homePage.java:22)
at Academy.homePage.initilizedriver(homePage.java:22)
at Academy.homePage.initilizedriver(homePage.java:22)
at Academy.homePage.initilizedriver(homePage.java:22)
at Academy.homePage.initilizedriver(homePage.java:22)
at Academy.homePage.initilizedriver(homePage.java:22)
at Academy.homePage.initilizedriver(homePage.java:22)
at Academy.homePage.initilizedriver(homePage.java:22)
at Academy.homePage.initilizedriver(homePage.java:22)
at Academy.homePage.initilizedriver(homePage.java:22)
at Academy.homePage.initilizedriver(homePage.java:22)
at Academy.homePage.initilizedriver(homePage.java:22)
at Academy.homePage.initilizedriver(homePage.java:22)
at Academy.homePage.initilizedriver(homePage.java:22)
at Academy.homePage.initilizedriver(homePage.java:22)
at Academy.homePage.initilizedriver(homePage.java:22)
at Academy.homePage.initilizedriver(homePage.java:22)
at Academy.homePage.initilizedriver(homePage.java:22)
at Academy.homePage.initilizedriver(homePage.java:22)
at Academy.homePage.initilizedriver(homePage.java:22)
at Academy.homePage.initilizedriver(homePage.java:22)
at Academy.homePage.initilizedriver(homePage.java:22)
at Academy.homePage.initilizedriver(homePage.java:22)
at Academy.homePage.initilizedriver(homePage.java:22)
at Academy.homePage.initilizedriver(homePage.java:22)
at Academy.homePage.initilizedriver(homePage.java:22)
at Academy.homePage.initilizedriver(homePage.java:22)
at Academy.homePage.initilizedriver(homePage.java:22)
at Academy.homePage.initilizedriver(homePage.java:22)
at Academy.homePage.initilizedriver(homePage.java:22)
at Academy.homePage.initilizedriver(homePage.java:22)
at Academy.homePage.initilizedriver(homePage.java:22)
at Academy.homePage.initilizedriver(homePage.java:22)
at Academy.homePage.initilizedriver(homePage.java:22)
at Academy.homePage.initilizedriver(homePage.java:22)
at Academy.homePage.initilizedriver(homePage.java:22)
at Academy.homePage.initilizedriver(homePage.java:22)
at Academy.homePage.initilizedriver(homePage.java:22)
at Academy.homePage.initilizedriver(homePage.java:22)
at Academy.homePage.initilizedriver(homePage.java:22)
at Academy.homePage.initilizedriver(homePage.java:22)
at Academy.homePage.initilizedriver(homePage.java:22)
at Academy.homePage.initilizedriver(homePage.java:22)
at Academy.homePage.initilizedriver(homePage.java:22)
at Academy.homePage.initilizedriver(homePage.java:22)
at Academy.homePage.initilizedriver(homePage.java:22)
at Academy.homePage.initilizedriver(homePage.java:22)
at Academy.homePage.initilizedriver(homePage.java:22)
at Academy.homePage.initilizedriver(homePage.java:22)
at Academy.homePage.initilizedriver(homePage.java:22)
at Academy.homePage.initilizedriver(homePage.java:22)
at Academy.homePage.initilizedriver(homePage.java:22)
at Academy.homePage.initilizedriver(homePage.java:22)
at Academy.homePage.initilizedriver(homePage.java:22)
at Academy.homePage.initilizedriver(homePage.java:22)
at Academy.homePage.initilizedriver(homePage.java:22)
at Academy.homePage.initilizedriver(homePage.java:22)
at Academy.homePage.initilizedriver(homePage.java:22)
at Academy.homePage.initilizedriver(homePage.java:22)
at Academy.homePage.initilizedriver(homePage.java:22)
at Academy.homePage.initilizedriver(homePage.java:22)
at Academy.homePage.initilizedriver(homePage.java:22)
at Academy.homePage.initilizedriver(homePage.java:22)
at Academy.homePage.initilizedriver(homePage.java:22)
at Academy.homePage.initilizedriver(homePage.java:22)
at Academy.homePage.initilizedriver(homePage.java:22)
at Academy.homePage.initilizedriver(homePage.java:22)
at Academy.homePage.initilizedriver(homePage.java:22)
at Academy.homePage.initilizedriver(homePage.java:22)
at Academy.homePage.initilizedriver(homePage.java:22)
at Academy.homePage.initilizedriver(homePage.java:22)
at Academy.homePage.initilizedriver(homePage.java:22)
at Academy.homePage.initilizedriver(homePage.java:22)
at Academy.homePage.initilizedriver(homePage.java:22)
at Academy.homePage.initilizedriver(homePage.java:22)
at Academy.homePage.initilizedriver(homePage.java:22)
at Academy.homePage.initilizedriver(homePage.java:22)
at Academy.homePage.initilizedriver(homePage.java:22)
at Academy.homePage.initilizedriver(homePage.java:22)
at Academy.homePage.initilizedriver(homePage.java:22)
at Academy.homePage.initilizedriver(homePage.java:22)
at Academy.homePage.initilizedriver(homePage.java:22)
at Academy.homePage.initilizedriver(homePage.java:22)
at Academy.homePage.initilizedriver(homePage.java:22)
at Academy.homePage.initilizedriver(homePage.java:22)
at Academy.homePage.initilizedriver(homePage.java:22)
at Academy.homePage.initilizedriver(homePage.java:22)
at Academy.homePage.initilizedriver(homePage.java:22)
at Academy.homePage.initilizedriver(homePage.java:22)
at Academy.homePage.initilizedriver(homePage.java:22)
at Academy.homePage.initilizedriver(homePage.java:22)
at Academy.homePage.initilizedriver(homePage.java:22)
at Academy.homePage.initilizedriver(homePage.java:22)
at Academy.homePage.initilizedriver(homePage.java:22)
at Academy.homePage.initilizedriver(homePage.java:22)
at Academy.homePage.initilizedriver(homePage.java:22)
at Academy.homePage.initilizedriver(homePage.java:22)
at Academy.homePage.initilizedriver(homePage.java:22)
at Academy.homePage.initilizedriver(homePage.java:22)
at Academy.homePage.initilizedriver(homePage.java:22)
at Academy.homePage.initilizedriver(homePage.java:22)
at Academy.homePage.initilizedriver(homePage.java:22)
at Academy.homePage.initilizedriver(homePage.java:22)
at Academy.homePage.initilizedriver(homePage.java:22)
at Academy.homePage.initilizedriver(homePage.java:22)
at Academy.homePage.initilizedriver(homePage.java:22)
at Academy.homePage.initilizedriver(homePage.java:22)
at Academy.homePage.initilizedriver(homePage.java:22)
at Academy.homePage.initilizedriver(homePage.java:22)
at Academy.homePage.initilizedriver(homePage.java:22)
at Academy.homePage.initilizedriver(homePage.java:22)
at Academy.homePage.initilizedriver(homePage.java:22)
at Academy.homePage.initilizedriver(homePage.java:22)
at Academy.homePage.initilizedriver(homePage.java:22)
at Academy.homePage.initilizedriver(homePage.java:22)
at Academy.homePage.initilizedriver(homePage.java:22)
at Academy.homePage.initilizedriver(homePage.java:22)
at Academy.homePage.initilizedriver(homePage.java:22)
at Academy.homePage.initilizedriver(homePage.java:22)
at Academy.homePage.initilizedriver(homePage.java:22)
at Academy.homePage.initilizedriver(homePage.java:22)
at Academy.homePage.initilizedriver(homePage.java:22)
at Academy.homePage.initilizedriver(homePage.java:22)
at Academy.homePage.initilizedriver(homePage.java:22)
at Academy.homePage.initilizedriver(homePage.java:22)
at Academy.homePage.initilizedriver(homePage.java:22)
at Academy.homePage.initilizedriver(homePage.java:22)
at Academy.homePage.initilizedriver(homePage.java:22)
at Academy.homePage.initilizedriver(homePage.java:22)
at Academy.homePage.initilizedriver(homePage.java:22)
at Academy.homePage.initilizedriver(homePage.java:22)
at Academy.homePage.initilizedriver(homePage.java:22)
at Academy.homePage.initilizedriver(homePage.java:22)
at Academy.homePage.initilizedriver(homePage.java:22)
at Academy.homePage.initilizedriver(homePage.java:22)
at Academy.homePage.initilizedriver(homePage.java:22)
at Academy.homePage.initilizedriver(homePage.java:22)
at Academy.homePage.initilizedriver(homePage.java:22)
at Academy.homePage.initilizedriver(homePage.java:22)
at Academy.homePage.initilizedriver(homePage.java:22)
at Academy.homePage.initilizedriver(homePage.java:22)
at Academy.homePage.initilizedriver(homePage.java:22)
at Academy.homePage.initilizedriver(homePage.java:22)
at Academy.homePage.initilizedriver(homePage.java:22)
at Academy.homePage.initilizedriver(homePage.java:22)
at Academy.homePage.initilizedriver(homePage.java:22)
at Academy.homePage.initilizedriver(homePage.java:22)
at Academy.homePage.initilizedriver(homePage.java:22)
at Academy.homePage.initilizedriver(homePage.java:22)
at Academy.homePage.initilizedriver(homePage.java:22)
at Academy.homePage.initilizedriver(homePage.java:22)
at Academy.homePage.initilizedriver(homePage.java:22)
at Academy.homePage.initilizedriver(homePage.java:22)
at Academy.homePage.initilizedriver(homePage.java:22)
at Academy.homePage.initilizedriver(homePage.java:22)
at Academy.homePage.initilizedriver(homePage.java:22)
at Academy.homePage.initilizedriver(homePage.java:22)
at Academy.homePage.initilizedriver(homePage.java:22)
at Academy.homePage.initilizedriver(homePage.java:22)
at Academy.homePage.initilizedriver(homePage.java:22)
at Academy.homePage.initilizedriver(homePage.java:22)
at Academy.homePage.initilizedriver(homePage.java:22)
at Academy.homePage.initilizedriver(homePage.java:22)
at Academy.homePage.initilizedriver(homePage.java:22)
at Academy.homePage.initilizedriver(homePage.java:22)
at Academy.homePage.initilizedriver(homePage.java:22)
at Academy.homePage.initilizedriver(homePage.java:22)
at Academy.homePage.initilizedriver(homePage.java:22)
at Academy.homePage.initilizedriver(homePage.java:22)
at Academy.homePage.initilizedriver(homePage.java:22)
at Academy.homePage.initilizedriver(homePage.java:22)
at Academy.homePage.initilizedriver(homePage.java:22)
at Academy.homePage.initilizedriver(homePage.java:22)
at Academy.homePage.initilizedriver(homePage.java:22)
at Academy.homePage.initilizedriver(homePage.java:22)
at Academy.homePage.initilizedriver(homePage.java:22)
at Academy.homePage.initilizedriver(homePage.java:22)
at Academy.homePage.initilizedriver(homePage.java:22)
at Academy.homePage.initilizedriver(homePage.java:22)
at Academy.homePage.initilizedriver(homePage.java:22)
at Academy.homePage.initilizedriver(homePage.java:22)
at Academy.homePage.initilizedriver(homePage.java:22)
at Academy.homePage.initilizedriver(homePage.java:22)
at Academy.homePage.initilizedriver(homePage.java:22)
at Academy.homePage.initilizedriver(homePage.java:22)
at Academy.homePage.initilizedriver(homePage.java:22)
at Academy.homePage.initilizedriver(homePage.java:22)
at Academy.homePage.initilizedriver(homePage.java:22)
at Academy.homePage.initilizedriver(homePage.java:22)
at Academy.homePage.initilizedriver(homePage.java:22)
at Academy.homePage.initilizedriver(homePage.java:22)
at Academy.homePage.initilizedriver(homePage.java:22)
at Academy.homePage.initilizedriver(homePage.java:22)
at Academy.homePage.initilizedriver(homePage.java:22)
at Academy.homePage.initilizedriver(homePage.java:22)
at Academy.homePage.initilizedriver(homePage.java:22)
at Academy.homePage.initilizedriver(homePage.java:22)
at Academy.homePage.initilizedriver(homePage.java:22)
at Academy.homePage.initilizedriver(homePage.java:22)
at Academy.homePage.initilizedriver(homePage.java:22)
at Academy.homePage.initilizedriver(homePage.java:22)
at Academy.homePage.initilizedriver(homePage.java:22)
at Academy.homePage.initilizedriver(homePage.java:22)
at Academy.homePage.initilizedriver(homePage.java:22)
at Academy.homePage.initilizedriver(homePage.java:22)
at Academy.homePage.initilizedriver(homePage.java:22)
at Academy.homePage.initilizedriver(homePage.java:22)
at Academy.homePage.initilizedriver(homePage.java:22)
at Academy.homePage.initilizedriver(homePage.java:22)
at Academy.homePage.initilizedriver(homePage.java:22)
at Academy.homePage.initilizedriver(homePage.java:22)
at Academy.homePage.initilizedriver(homePage.java:22)
at Academy.homePage.initilizedriver(homePage.java:22)
at Academy.homePage.initilizedriver(homePage.java:22)
at Academy.homePage.initilizedriver(homePage.java:22)
at Academy.homePage.initilizedriver(homePage.java:22)
at Academy.homePage.initilizedriver(homePage.java:22)
at Academy.homePage.initilizedriver(homePage.java:22)
at Academy.homePage.initilizedriver(homePage.java:22)
at Academy.homePage.initilizedriver(homePage.java:22)
at Academy.homePage.initilizedriver(homePage.java:22)
at Academy.homePage.initilizedriver(homePage.java:22)
at Academy.homePage.initilizedriver(homePage.java:22)
at Academy.homePage.initilizedriver(homePage.java:22)
at Academy.homePage.initilizedriver(homePage.java:22)
at Academy.homePage.initilizedriver(homePage.java:22)
at Academy.homePage.initilizedriver(homePage.java:22)
at Academy.homePage.initilizedriver(homePage.java:22)
at Academy.homePage.initilizedriver(homePage.java:22)
at Academy.homePage.initilizedriver(homePage.java:22)
at Academy.homePage.initilizedriver(homePage.java:22)
at Academy.homePage.initilizedriver(homePage.java:22)
at Academy.homePage.initilizedriver(homePage.java:22)
at Academy.homePage.initilizedriver(homePage.java:22)
at Academy.homePage.initilizedriver(homePage.java:22)
at Academy.homePage.initilizedriver(homePage.java:22)
at Academy.homePage.initilizedriver(homePage.java:22)
at Academy.homePage.initilizedriver(homePage.java:22)
at Academy.homePage.initilizedriver(homePage.java:22)
at Academy.homePage.initilizedriver(homePage.java:22)
at Academy.homePage.initilizedriver(homePage.java:22)
at Academy.homePage.initilizedriver(homePage.java:22)
at Academy.homePage.initilizedriver(homePage.java:22)
at Academy.homePage.initilizedriver(homePage.java:22)
at Academy.homePage.initilizedriver(homePage.java:22)
at Academy.homePage.initilizedriver(homePage.java:22)
at Academy.homePage.initilizedriver(homePage.java:22)
at Academy.homePage.initilizedriver(homePage.java:22)
at Academy.homePage.initilizedriver(homePage.java:22)
at Academy.homePage.initilizedriver(homePage.java:22)
at Academy.homePage.initilizedriver(homePage.java:22)
at Academy.homePage.initilizedriver(homePage.java:22)
at Academy.homePage.initilizedriver(homePage.java:22)
at Academy.homePage.initilizedriver(homePage.java:22)
at Academy.homePage.initilizedriver(homePage.java:22)
at Academy.homePage.initilizedriver(homePage.java:22)
at Academy.homePage.initilizedriver(homePage.java:22)
at Academy.homePage.initilizedriver(homePage.java:22)
at Academy.homePage.initilizedriver(homePage.java:22)
at Academy.homePage.initilizedriver(homePage.java:22)
at Academy.homePage.initilizedriver(homePage.java:22)
at Academy.homePage.initilizedriver(homePage.java:22)
at Academy.homePage.initilizedriver(homePage.java:22)
at Academy.homePage.initilizedriver(homePage.java:22)
at Academy.homePage.initilizedriver(homePage.java:22)
at Academy.homePage.initilizedriver(homePage.java:22)
at Academy.homePage.initilizedriver(homePage.java:22)
at Academy.homePage.initilizedriver(homePage.java:22)
at Academy.homePage.initilizedriver(homePage.java:22)
at Academy.homePage.initilizedriver(homePage.java:22)
at Academy.homePage.initilizedriver(homePage.java:22)
at Academy.homePage.initilizedriver(homePage.java:22)
at Academy.homePage.initilizedriver(homePage.java:22)
at Academy.homePage.initilizedriver(homePage.java:22)
at Academy.homePage.initilizedriver(homePage.java:22)
at Academy.homePage.initilizedriver(homePage.java:22)
at Academy.homePage.initilizedriver(homePage.java:22)
at Academy.homePage.initilizedriver(homePage.java:22)
at Academy.homePage.initilizedriver(homePage.java:22)
at Academy.homePage.initilizedriver(homePage.java:22)
at Academy.homePage.initilizedriver(homePage.java:22)
at Academy.homePage.initilizedriver(homePage.java:22)
at Academy.homePage.initilizedriver(homePage.java:22)
at Academy.homePage.initilizedriver(homePage.java:22)
at Academy.homePage.initilizedriver(homePage.java:22)
at Academy.homePage.initilizedriver(homePage.java:22)
at Academy.homePage.initilizedriver(homePage.java:22)
at Academy.homePage.initilizedriver(homePage.java:22)
at Academy.homePage.initilizedriver(homePage.java:22)
at Academy.homePage.initilizedriver(homePage.java:22)
at Academy.homePage.initilizedriver(homePage.java:22)
at Academy.homePage.initilizedriver(homePage.java:22)
at Academy.homePage.initilizedriver(homePage.java:22)
at Academy.homePage.initilizedriver(homePage.java:22)
at Academy.homePage.initilizedriver(homePage.java:22)
at Academy.homePage.initilizedriver(homePage.java:22)
at Academy.homePage.initilizedriver(homePage.java:22)
at Academy.homePage.initilizedriver(homePage.java:22)
at Academy.homePage.initilizedriver(homePage.java:22)
at Academy.homePage.initilizedriver(homePage.java:22)
at Academy.homePage.initilizedriver(homePage.java:22)
at Academy.homePage.initilizedriver(homePage.java:22)
at Academy.homePage.initilizedriver(homePage.java:22)
at Academy.homePage.initilizedriver(homePage.java:22)
at Academy.homePage.initilizedriver(homePage.java:22)
at Academy.homePage.initilizedriver(homePage.java:22)
at Academy.homePage.initilizedriver(homePage.java:22)
at Academy.homePage.initilizedriver(homePage.java:22)
at Academy.homePage.initilizedriver(homePage.java:22)
at Academy.homePage.initilizedriver(homePage.java:22)
at Academy.homePage.initilizedriver(homePage.java:22)
at Academy.homePage.initilizedriver(homePage.java:22)
at Academy.homePage.initilizedriver(homePage.java:22)
at Academy.homePage.initilizedriver(homePage.java:22)
at Academy.homePage.initilizedriver(homePage.java:22)
at Academy.homePage.initilizedriver(homePage.java:22)
at Academy.homePage.initilizedriver(homePage.java:22)
at Academy.homePage.initilizedriver(homePage.java:22)
at Academy.homePage.initilizedriver(homePage.java:22)
at Academy.homePage.initilizedriver(homePage.java:22)
at Academy.homePage.initilizedriver(homePage.java:22)
at Academy.homePage.initilizedriver(homePage.java:22)
at Academy.homePage.initilizedriver(homePage.java:22)
at Academy.homePage.initilizedriver(homePage.java:22)
at Academy.homePage.initilizedriver(homePage.java:22)
at Academy.homePage.initilizedriver(homePage.java:22)
at Academy.homePage.initilizedriver(homePage.java:22)
at Academy.homePage.initilizedriver(homePage.java:22)
at Academy.homePage.initilizedriver(homePage.java:22)
at Academy.homePage.initilizedriver(homePage.java:22)
at Academy.homePage.initilizedriver(homePage.java:22)
at Academy.homePage.initilizedriver(homePage.java:22)
at Academy.homePage.initilizedriver(homePage.java:22)
at Academy.homePage.initilizedriver(homePage.java:22)
at Academy.homePage.initilizedriver(homePage.java:22)
at Academy.homePage.initilizedriver(homePage.java:22)
at Academy.homePage.initilizedriver(homePage.java:22)
at Academy.homePage.initilizedriver(homePage.java:22)
at Academy.homePage.initilizedriver(homePage.java:22)
at Academy.homePage.initilizedriver(homePage.java:22)
at Academy.homePage.initilizedriver(homePage.java:22)
at Academy.homePage.initilizedriver(homePage.java:22)
at Academy.homePage.initilizedriver(homePage.java:22)
at Academy.homePage.initilizedriver(homePage.java:22)
at Academy.homePage.initilizedriver(homePage.java:22)
at Academy.homePage.initilizedriver(homePage.java:22)
at Academy.homePage.initilizedriver(homePage.java:22)
at Academy.homePage.initilizedriver(homePage.java:22)
at Academy.homePage.initilizedriver(homePage.java:22)
at Academy.homePage.initilizedriver(homePage.java:22)
at Academy.homePage.initilizedriver(homePage.java:22)
at Academy.homePage.initilizedriver(homePage.java:22)
at Academy.homePage.initilizedriver(homePage.java:22)
at Academy.homePage.initilizedriver(homePage.java:22)
at Academy.homePage.initilizedriver(homePage.java:22)
at Academy.homePage.initilizedriver(homePage.java:22)
at Academy.homePage.initilizedriver(homePage.java:22)
at Academy.homePage.initilizedriver(homePage.java:22)
at Academy.homePage.initilizedriver(homePage.java:22)
at Academy.homePage.initilizedriver(homePage.java:22)
at Academy.homePage.initilizedriver(homePage.java:22)
at Academy.homePage.initilizedriver(homePage.java:22)
at Academy.homePage.initilizedriver(homePage.java:22)
at Academy.homePage.initilizedriver(homePage.java:22)
at Academy.homePage.initilizedriver(homePage.java:22)
at Academy.homePage.initilizedriver(homePage.java:22)
at Academy.homePage.initilizedriver(homePage.java:22)
at Academy.homePage.initilizedriver(homePage.java:22)
at Academy.homePage.initilizedriver(homePage.java:22)
at Academy.homePage.initilizedriver(homePage.java:22)
at Academy.homePage.initilizedriver(homePage.java:22)
at Academy.homePage.initilizedriver(homePage.java:22)
at Academy.homePage.initilizedriver(homePage.java:22)
at Academy.homePage.initilizedriver(homePage.java:22)
at Academy.homePage.initilizedriver(homePage.java:22)
at Academy.homePage.initilizedriver(homePage.java:22)
at Academy.homePage.initilizedriver(homePage.java:22)
at Academy.homePage.initilizedriver(homePage.java:22)
at Academy.homePage.initilizedriver(homePage.java:22)
at Academy.homePage.initilizedriver(homePage.java:22)
at Academy.homePage.initilizedriver(homePage.java:22)
at Academy.homePage.initilizedriver(homePage.java:22)
at Academy.homePage.initilizedriver(homePage.java:22)
at Academy.homePage.initilizedriver(homePage.java:22)
at Academy.homePage.initilizedriver(homePage.java:22)
at Academy.homePage.initilizedriver(homePage.java:22)
at Academy.homePage.initilizedriver(homePage.java:22)
at Academy.homePage.initilizedriver(homePage.java:22)
at Academy.homePage.initilizedriver(homePage.java:22)
at Academy.homePage.initilizedriver(homePage.java:22)
at Academy.homePage.initilizedriver(homePage.java:22)
at Academy.homePage.initilizedriver(homePage.java:22)
at Academy.homePage.initilizedriver(homePage.java:22)
at Academy.homePage.initilizedriver(homePage.java:22)
at Academy.homePage.initilizedriver(homePage.java:22)
at Academy.homePage.initilizedriver(homePage.java:22)
at Academy.homePage.initilizedriver(homePage.java:22)
at Academy.homePage.initilizedriver(homePage.java:22)
at Academy.homePage.initilizedriver(homePage.java:22)
at Academy.homePage.initilizedriver(homePage.java:22)
at Academy.homePage.initilizedriver(homePage.java:22)
at Academy.homePage.initilizedriver(homePage.java:22)
at Academy.homePage.initilizedriver(homePage.java:22)
at Academy.homePage.initilizedriver(homePage.java:22)
at Academy.homePage.initilizedriver(homePage.java:22)
at Academy.homePage.initilizedriver(homePage.java:22)
at Academy.homePage.initilizedriver(homePage.java:22)
at Academy.homePage.initilizedriver(homePage.java:22)
at Academy.homePage.initilizedriver(homePage.java:22)
at Academy.homePage.initilizedriver(homePage.java:22)
at Academy.homePage.initilizedriver(homePage.java:22)
at Academy.homePage.initilizedriver(homePage.java:22)
at Academy.homePage.initilizedriver(homePage.java:22)
at Academy.homePage.initilizedriver(homePage.java:22)
at Academy.homePage.initilizedriver(homePage.java:22)
at Academy.homePage.initilizedriver(homePage.java:22)
at Academy.homePage.initilizedriver(homePage.java:22)
at Academy.homePage.initilizedriver(homePage.java:22)
at Academy.homePage.initilizedriver(homePage.java:22)
at Academy.homePage.initilizedriver(homePage.java:22)
at Academy.homePage.initilizedriver(homePage.java:22)
at Academy.homePage.initilizedriver(homePage.java:22)
at Academy.homePage.initilizedriver(homePage.java:22)
at Academy.homePage.initilizedriver(homePage.java:22)
at Academy.homePage.initilizedriver(homePage.java:22)
at Academy.homePage.initilizedriver(homePage.java:22)
at Academy.homePage.initilizedriver(homePage.java:22)
at Academy.homePage.initilizedriver(homePage.java:22)
at Academy.homePage.initilizedriver(homePage.java:22)
at Academy.homePage.initilizedriver(homePage.java:22)
at Academy.homePage.initilizedriver(homePage.java:22)
at Academy.homePage.initilizedriver(homePage.java:22)
at Academy.homePage.initilizedriver(homePage.java:22)
at Academy.homePage.initilizedriver(homePage.java:22)
at Academy.homePage.initilizedriver(homePage.java:22)
at Academy.homePage.initilizedriver(homePage.java:22)
at Academy.homePage.initilizedriver(homePage.java:22)
at Academy.homePage.initilizedriver(homePage.java:22)
at Academy.homePage.initilizedriver(homePage.java:22)
at Academy.homePage.initilizedriver(homePage.java:22)
at Academy.homePage.initilizedriver(homePage.java:22)
at Academy.homePage.initilizedriver(homePage.java:22)
at Academy.homePage.initilizedriver(homePage.java:22)
at Academy.homePage.initilizedriver(homePage.java:22)
at Academy.homePage.initilizedriver(homePage.java:22)
at Academy.homePage.initilizedriver(homePage.java:22)
at Academy.homePage.initilizedriver(homePage.java:22)
at Academy.homePage.initilizedriver(homePage.java:22)
at Academy.homePage.initilizedriver(homePage.java:22)
at Academy.homePage.initilizedriver(homePage.java:22)
at Academy.homePage.initilizedriver(homePage.java:22)
at Academy.homePage.initilizedriver(homePage.java:22)
at Academy.homePage.initilizedriver(homePage.java:22)
at Academy.homePage.initilizedriver(homePage.java:22)
at Academy.homePage.initilizedriver(homePage.java:22)
at Academy.homePage.initilizedriver(homePage.java:22)
at Academy.homePage.initilizedriver(homePage.java:22)
at Academy.homePage.initilizedriver(homePage.java:22)
at Academy.homePage.initilizedriver(homePage.java:22)
at Academy.homePage.initilizedriver(homePage.java:22)
at Academy.homePage.initilizedriver(homePage.java:22)
at Academy.homePage.initilizedriver(homePage.java:22)
at Academy.homePage.initilizedriver(homePage.java:22)
at Academy.homePage.initilizedriver(homePage.java:22)
at Academy.homePage.initilizedriver(homePage.java:22)
at Academy.homePage.initilizedriver(homePage.java:22)
]]>
    </error>
  </testcase> <!-- initilizedriver -->
</testsuite> <!-- Academy.homePage -->
