<?xml version="1.0" encoding="UTF-8"?>
<!-- Generated by org.testng.reporters.JUnitReportReporter -->
<testsuite hostname="DESKTOP-97D7SMM" name="temporary.FireFoxReader" tests="1" failures="0" timestamp="28 Jun 2020 12:53:53 GMT" time="7.286" errors="0">
  <testcase name="firefoxbrowser" time="7.286" classname="temporary.FireFoxReader"/>
</testsuite> <!-- temporary.FireFoxReader -->
