<?xml version="1.0" encoding="UTF-8"?>
<!-- Generated by org.testng.reporters.JUnitReportReporter -->
<testsuite hostname="DESKTOP-97D7SMM" name="temporary.takeScreenShotExample" tests="1" failures="0" timestamp="16 Jun 2020 17:35:16 GMT" time="7.484" errors="0">
  <testcase name="openBrowser" time="7.484" classname="temporary.takeScreenShotExample"/>
</testsuite> <!-- temporary.takeScreenShotExample -->
