<?xml version="1.0" encoding="UTF-8"?>
<!-- Generated by org.testng.reporters.JUnitReportReporter -->
<testsuite hostname="DESKTOP-97D7SMM" name="Academy.Validatenavigationbar" tests="1" failures="0" timestamp="16 Jun 2020 13:18:29 GMT" time="0.066" errors="0">
  <testcase name="basepagenavigation" time="0.066" classname="Academy.Validatenavigationbar"/>
</testsuite> <!-- Academy.Validatenavigationbar -->
